#
# A fatal error has been detected by the Java Runtime Environment:
#
#  EXCEPTION_ACCESS_VIOLATION (0xc0000005) at pc=0x00007ffaf80a611a, pid=1640, tid=12824
#
# JRE version: Java(TM) SE Runtime Environment (8.0_60-b27) (build 1.8.0_60-b27)
# Java VM: Java HotSpot(TM) 64-Bit Server VM (25.60-b23 mixed mode windows-amd64 compressed oops)
# Problematic frame:
# C  [edk.dll+0xf611a]
#
# Failed to write core dump. Minidumps are not enabled by default on client versions of Windows
#
# If you would like to submit a bug report, please visit:
#   http://bugreport.java.com/bugreport/crash.jsp
# The crash happened outside the Java Virtual Machine in native code.
# See problematic frame for where to report the bug.
#

---------------  T H R E A D  ---------------

Current thread (0x000000002a8d3800):  JavaThread "Thread-3" [_thread_in_native, id=12824, stack(0x0000000032550000,0x0000000032650000)]

siginfo: ExceptionCode=0xc0000005, reading address 0x0000000000000000

Registers:
RAX=0x0000000000000000, RBX=0x0000000031fad700, RCX=0x000000003f800000, RDX=0x000000003214636a
RSP=0x000000003264eb20, RBP=0x000000003264eb90, RSI=0x00000000f8002264, RDI=0x000000003264ec78
R8 =0x0000000000000000, R9 =0x000000002a5cc3a8, R10=0x000000000000003a, R11=0x000000003264eb60
R12=0x0000000000000000, R13=0x0000000031fad700, R14=0x000000003264ef60, R15=0x000000002a8d3800
RIP=0x00007ffaf80a611a, EFLAGS=0x0000000000010202

Top of Stack: (sp=0x000000003264eb20)
0x000000003264eb20:   0000000000000004 cccccccccccccccc
0x000000003264eb30:   000000003264ec78 0000000032146381
0x000000003264eb40:   000000003264eb60 fffffffffffffffe
0x000000003264eb50:   000000003264ec30 00000000321463b3
0x000000003264eb60:   000000003f800000 000000003214636a
0x000000003264eb70:   0000000000000000 000000002a5cc3a8
0x000000003264eb80:   000000002a5cc3b0 000000002aa4dfd0
0x000000003264eb90:   000000003264eb60 000000003264edb0
0x000000003264eba0:   000000003264ebe0 000000003213edd3
0x000000003264ebb0:   000000003213e5d0 000000003264ebe8
0x000000003264ebc0:   0000000000000030 000000000000000a
0x000000003264ebd0:   000000003264ee90 00007ffaf80a6100
0x000000003264ebe0:   cccccccccccccccc 000000003264ed10
0x000000003264ebf0:   000000003264ee90 000000003264ecc0
0x000000003264ec00:   00000001cccccccc 0000000000000004
0x000000003264ec10:   cccccccccccccccc cccccccccccccccc 

Instructions: (pc=0x00007ffaf80a611a)
0x00007ffaf80a60fa:   cc cc cc cc cc cc f3 0f 11 44 24 08 48 83 ec 38
0x00007ffaf80a610a:   48 c7 44 24 28 fe ff ff ff 48 8b 05 6e 31 2b 00
0x00007ffaf80a611a:   48 8b 00 f3 0f 10 4c 24 40 48 8b 0d 5e 31 2b 00
0x00007ffaf80a612a:   ff 90 90 00 00 00 33 c0 eb 05 b8 01 00 00 00 48 


Register to memory mapping:

RAX=0x0000000000000000 is an unknown value
RBX={method} {0x0000000031fad708} 'invokeInt' '(I[Ljava/lang/Object;)I' in 'com/sun/jna/Function'
RCX=0x000000003f800000 is an unknown value
RDX=0x000000003214636a is an unknown value
RSP=0x000000003264eb20 is pointing into the stack for thread: 0x000000002a8d3800
RBP=0x000000003264eb90 is pointing into the stack for thread: 0x000000002a8d3800
RSI=0x00000000f8002264 is an unknown value
RDI=0x000000003264ec78 is pointing into the stack for thread: 0x000000002a8d3800
R8 =0x0000000000000000 is an unknown value
R9 =0x000000002a5cc3a8 is an unknown value
R10=0x000000000000003a is an unknown value
R11=0x000000003264eb60 is pointing into the stack for thread: 0x000000002a8d3800
R12=0x0000000000000000 is an unknown value
R13={method} {0x0000000031fad708} 'invokeInt' '(I[Ljava/lang/Object;)I' in 'com/sun/jna/Function'
R14=0x000000003264ef60 is pointing into the stack for thread: 0x000000002a8d3800
R15=0x000000002a8d3800 is a thread


Stack: [0x0000000032550000,0x0000000032650000],  sp=0x000000003264eb20,  free space=1018k
Native frames: (J=compiled Java code, j=interpreted, Vv=VM code, C=native code)
C  [edk.dll+0xf611a]
C  [jna5617944916585995451.dll+0x163b3]
C  [jna5617944916585995451.dll+0xedd3]
C  [jna5617944916585995451.dll+0x20e5]
C  [jna5617944916585995451.dll+0x2457]
C  0x0000000002705e34

Java frames: (J=compiled Java code, j=interpreted, Vv=VM code)
j  com.sun.jna.Function.invokeInt(I[Ljava/lang/Object;)I+0
j  com.sun.jna.Function.invoke([Ljava/lang/Object;Ljava/lang/Class;Z)Ljava/lang/Object;+315
j  com.sun.jna.Function.invoke(Ljava/lang/Class;[Ljava/lang/Object;Ljava/util/Map;)Ljava/lang/Object;+214
j  com.sun.jna.Library$Handler.invoke(Ljava/lang/Object;Ljava/lang/reflect/Method;[Ljava/lang/Object;)Ljava/lang/Object;+341
j  com.sun.proxy.$Proxy0.EE_DataSetBufferSizeInSec(F)I+19
j  Main.startRecognition()V+20
j  GUI$6.run()V+0
j  java.lang.Thread.run()V+11
v  ~StubRoutines::call_stub

---------------  P R O C E S S  ---------------

Java Threads: ( => current thread )
=>0x000000002a8d3800 JavaThread "Thread-3" [_thread_in_native, id=12824, stack(0x0000000032550000,0x0000000032650000)]
  0x000000002a5c8000 JavaThread "TimerQueue" daemon [_thread_blocked, id=11340, stack(0x0000000031e30000,0x0000000031f30000)]
  0x000000002a624000 JavaThread "D3D Screen Updater" daemon [_thread_blocked, id=9164, stack(0x00000000305f0000,0x00000000306f0000)]
  0x00000000025e2800 JavaThread "DestroyJavaVM" [_thread_blocked, id=12592, stack(0x00000000024b0000,0x00000000025b0000)]
  0x000000002a4bd000 JavaThread "AWT-EventQueue-0" [_thread_blocked, id=9012, stack(0x000000002fef0000,0x000000002fff0000)]
  0x000000002a4a2800 JavaThread "AWT-Windows" daemon [_thread_in_native, id=9156, stack(0x000000002acd0000,0x000000002add0000)]
  0x000000002a436000 JavaThread "AWT-Shutdown" [_thread_blocked, id=9052, stack(0x000000002abd0000,0x000000002acd0000)]
  0x000000002a43c800 JavaThread "Java2D Disposer" daemon [_thread_blocked, id=9016, stack(0x000000002aad0000,0x000000002abd0000)]
  0x0000000027799800 JavaThread "Service Thread" daemon [_thread_blocked, id=8728, stack(0x0000000029ff0000,0x000000002a0f0000)]
  0x00000000276c1800 JavaThread "C1 CompilerThread11" daemon [_thread_blocked, id=9172, stack(0x0000000029ef0000,0x0000000029ff0000)]
  0x00000000276c2000 JavaThread "C1 CompilerThread10" daemon [_thread_blocked, id=7048, stack(0x0000000029df0000,0x0000000029ef0000)]
  0x00000000276c0800 JavaThread "C1 CompilerThread9" daemon [_thread_blocked, id=9168, stack(0x0000000029cf0000,0x0000000029df0000)]
  0x00000000276bd800 JavaThread "C1 CompilerThread8" daemon [_thread_blocked, id=8732, stack(0x0000000029af0000,0x0000000029bf0000)]
  0x00000000276bc000 JavaThread "C2 CompilerThread7" daemon [_thread_blocked, id=9096, stack(0x00000000299f0000,0x0000000029af0000)]
  0x00000000276c0000 JavaThread "C2 CompilerThread6" daemon [_thread_blocked, id=8724, stack(0x00000000298f0000,0x00000000299f0000)]
  0x00000000276c3000 JavaThread "C2 CompilerThread5" daemon [_thread_blocked, id=7084, stack(0x00000000297f0000,0x00000000298f0000)]
  0x00000000276bd000 JavaThread "C2 CompilerThread4" daemon [_thread_blocked, id=7328, stack(0x00000000296f0000,0x00000000297f0000)]
  0x00000000276be800 JavaThread "C2 CompilerThread3" daemon [_thread_blocked, id=12124, stack(0x00000000295f0000,0x00000000296f0000)]
  0x00000000276bf000 JavaThread "C2 CompilerThread2" daemon [_thread_blocked, id=11196, stack(0x00000000294f0000,0x00000000295f0000)]
  0x00000000276b2800 JavaThread "C2 CompilerThread1" daemon [_thread_blocked, id=7224, stack(0x00000000293f0000,0x00000000294f0000)]
  0x00000000276ae800 JavaThread "C2 CompilerThread0" daemon [_thread_blocked, id=7216, stack(0x00000000292f0000,0x00000000293f0000)]
  0x00000000276a6000 JavaThread "Attach Listener" daemon [_thread_blocked, id=7212, stack(0x00000000291f0000,0x00000000292f0000)]
  0x00000000276a1000 JavaThread "Signal Dispatcher" daemon [_thread_blocked, id=7220, stack(0x00000000290f0000,0x00000000291f0000)]
  0x0000000025c2e000 JavaThread "Finalizer" daemon [_thread_blocked, id=7208, stack(0x0000000028f00000,0x0000000029000000)]
  0x0000000027674800 JavaThread "Reference Handler" daemon [_thread_blocked, id=8204, stack(0x0000000028e00000,0x0000000028f00000)]

Other Threads:
  0x0000000027671800 VMThread [stack: 0x0000000028d00000,0x0000000028e00000] [id=2612]
  0x00000000277ff000 WatcherThread [stack: 0x000000002a0f0000,0x000000002a1f0000] [id=7108]

VM state:not at safepoint (normal execution)

VM Mutex/Monitor currently owned by a thread: None

Heap:
 PSYoungGen      total 153088K, used 45654K [0x0000000715d80000, 0x0000000720800000, 0x00000007c0000000)
  eden space 131584K, 34% used [0x0000000715d80000,0x0000000718a15a00,0x000000071de00000)
  from space 21504K, 0% used [0x000000071f300000,0x000000071f300000,0x0000000720800000)
  to   space 21504K, 0% used [0x000000071de00000,0x000000071de00000,0x000000071f300000)
 ParOldGen       total 349696K, used 0K [0x00000005c1800000, 0x00000005d6d80000, 0x0000000715d80000)
  object space 349696K, 0% used [0x00000005c1800000,0x00000005c1800000,0x00000005d6d80000)
 Metaspace       used 12789K, capacity 12992K, committed 13312K, reserved 1060864K
  class space    used 1625K, capacity 1706K, committed 1792K, reserved 1048576K

Card table byte_map: [0x0000000011ab0000,0x0000000012ab0000] byte_map_base: 0x000000000eca4000

Marking Bits: (ParMarkBitMap*) 0x0000000051d8a5b0
 Begin Bits: [0x0000000014260000, 0x000000001c200000)
 End Bits:   [0x000000001c200000, 0x00000000241a0000)

Polling page: 0x00000000025b0000

CodeCache: size=245760Kb used=6516Kb max_used=6516Kb free=239243Kb
 bounds [0x00000000026f0000, 0x0000000002d50000, 0x00000000116f0000]
 total_blobs=1983 nmethods=1462 adapters=430
 compilation: enabled

Compilation events (10 events):
Event: 37.010 Thread 0x00000000276c0800 nmethod 1457 0x0000000002d1cf50 code [0x0000000002d1d0a0, 0x0000000002d1d1b0]
Event: 37.010 Thread 0x00000000276c2000 nmethod 1458 0x0000000002d23250 code [0x0000000002d233a0, 0x0000000002d234b0]
Event: 37.074 Thread 0x00000000276c1800 1459       3       sun.awt.SunHints$Key::isCompatibleValue (18 bytes)
Event: 37.074 Thread 0x00000000276c0800 1460       3       sun.awt.SunHints$Value::isCompatibleKey (14 bytes)
Event: 37.075 Thread 0x00000000276c0800 nmethod 1460 0x0000000002d4db10 code [0x0000000002d4dc60, 0x0000000002d4de10]
Event: 37.075 Thread 0x00000000276c1800 nmethod 1459 0x0000000002d4de90 code [0x0000000002d4e000, 0x0000000002d4e4d0]
Event: 37.475 Thread 0x00000000276bd800 1461   !   3       java.awt.Component::getGraphicsConfiguration (19 bytes)
Event: 37.475 Thread 0x00000000276bd800 nmethod 1461 0x0000000002d4e5d0 code [0x0000000002d4e740, 0x0000000002d4ebb0]
Event: 37.476 Thread 0x00000000276c2000 1462       3       java.awt.Window::isOpaque (29 bytes)
Event: 37.476 Thread 0x00000000276c2000 nmethod 1462 0x0000000002d4ecd0 code [0x0000000002d4ee60, 0x0000000002d4f488]

GC Heap History (0 events):
No events

Deoptimization events (10 events):
Event: 10.505 Thread 0x000000002a4bd000 Uncommon trap: reason=class_check action=maybe_recompile pc=0x0000000002c0d4e0 method=java.util.HashSet.add(Ljava/lang/Object;)Z @ 8
Event: 10.505 Thread 0x000000002a4bd000 Uncommon trap: reason=class_check action=maybe_recompile pc=0x0000000002b1da68 method=java.util.HashMap.putVal(ILjava/lang/Object;Ljava/lang/Object;ZZ)Ljava/lang/Object; @ 253
Event: 10.505 Thread 0x000000002a4bd000 Uncommon trap: reason=class_check action=maybe_recompile pc=0x0000000002b1da68 method=java.util.HashMap.putVal(ILjava/lang/Object;Ljava/lang/Object;ZZ)Ljava/lang/Object; @ 253
Event: 10.505 Thread 0x000000002a4bd000 Uncommon trap: reason=class_check action=maybe_recompile pc=0x0000000002b1da68 method=java.util.HashMap.putVal(ILjava/lang/Object;Ljava/lang/Object;ZZ)Ljava/lang/Object; @ 253
Event: 10.505 Thread 0x000000002a4bd000 Uncommon trap: reason=class_check action=maybe_recompile pc=0x0000000002b1da68 method=java.util.HashMap.putVal(ILjava/lang/Object;Ljava/lang/Object;ZZ)Ljava/lang/Object; @ 253
Event: 10.505 Thread 0x000000002a4bd000 Uncommon trap: reason=class_check action=maybe_recompile pc=0x0000000002b125ac method=java.util.HashMap.putVal(ILjava/lang/Object;Ljava/lang/Object;ZZ)Ljava/lang/Object; @ 253
Event: 11.641 Thread 0x000000002a4bd000 Uncommon trap: reason=unstable_if action=reinterpret pc=0x0000000002c00ff0 method=java.util.HashMap.getNode(ILjava/lang/Object;)Ljava/util/HashMap$Node; @ 62
Event: 11.641 Thread 0x000000002a4bd000 Uncommon trap: reason=unstable_if action=reinterpret pc=0x0000000002c55470 method=java.util.HashMap.putVal(ILjava/lang/Object;Ljava/lang/Object;ZZ)Ljava/lang/Object; @ 94
Event: 11.641 Thread 0x000000002a4bd000 Uncommon trap: reason=unstable_if action=reinterpret pc=0x0000000002b55d20 method=java.util.HashMap.getNode(ILjava/lang/Object;)Ljava/util/HashMap$Node; @ 62
Event: 34.970 Thread 0x000000002a4bd000 Uncommon trap: reason=unstable_if action=reinterpret pc=0x0000000002c0c754 method=java.awt.Component.inside(II)Z @ 1

Internal exceptions (10 events):
Event: 0.271 Thread 0x00000000025e2800 Exception <a 'java/lang/NullPointerException'> (0x0000000716dadf48) thrown at [C:\re\workspace\8-2-build-windows-amd64-cygwin\jdk8u60\4407\hotspot\src\share\vm\interpreter\linkResolver.cpp, line 1178]
Event: 0.275 Thread 0x00000000025e2800 Exception <a 'java/io/FileNotFoundException'> (0x0000000716db2340) thrown at [C:\re\workspace\8-2-build-windows-amd64-cygwin\jdk8u60\4407\hotspot\src\share\vm\prims\jni.cpp, line 709]
Event: 0.275 Thread 0x00000000025e2800 Exception <a 'java/io/FileNotFoundException'> (0x0000000716db3640) thrown at [C:\re\workspace\8-2-build-windows-amd64-cygwin\jdk8u60\4407\hotspot\src\share\vm\prims\jni.cpp, line 709]
Event: 0.275 Thread 0x00000000025e2800 Exception <a 'java/io/FileNotFoundException'> (0x0000000716db4948) thrown at [C:\re\workspace\8-2-build-windows-amd64-cygwin\jdk8u60\4407\hotspot\src\share\vm\prims\jni.cpp, line 709]
Event: 0.275 Thread 0x00000000025e2800 Exception <a 'java/io/FileNotFoundException'> (0x0000000716db5c48) thrown at [C:\re\workspace\8-2-build-windows-amd64-cygwin\jdk8u60\4407\hotspot\src\share\vm\prims\jni.cpp, line 709]
Event: 0.275 Thread 0x00000000025e2800 Exception <a 'java/io/FileNotFoundException'> (0x0000000716db8080) thrown at [C:\re\workspace\8-2-build-windows-amd64-cygwin\jdk8u60\4407\hotspot\src\share\vm\prims\jni.cpp, line 709]
Event: 0.276 Thread 0x00000000025e2800 Exception <a 'java/io/FileNotFoundException'> (0x0000000716db9390) thrown at [C:\re\workspace\8-2-build-windows-amd64-cygwin\jdk8u60\4407\hotspot\src\share\vm\prims\jni.cpp, line 709]
Event: 0.276 Thread 0x00000000025e2800 Exception <a 'java/io/FileNotFoundException'> (0x0000000716dbb750) thrown at [C:\re\workspace\8-2-build-windows-amd64-cygwin\jdk8u60\4407\hotspot\src\share\vm\prims\jni.cpp, line 709]
Event: 1.565 Thread 0x000000002a4bd000 Implicit null exception at 0x0000000002b36288 to 0x0000000002b38c0d
Event: 10.481 Thread 0x000000002a4bd000 Implicit null exception at 0x0000000002b03bbc to 0x0000000002b03c49

Events (10 events):
Event: 34.978 loading class sun/java2d/pipe/RegionSpanIterator done
Event: 34.980 Executing VM operation: RevokeBias
Event: 34.980 Executing VM operation: RevokeBias done
Event: 37.472 loading class GUI$6
Event: 37.472 loading class GUI$6 done
Event: 37.475 Thread 0x000000002a8d3800 Thread added: 0x000000002a8d3800
Event: 37.475 Executing VM operation: RevokeBias
Event: 37.475 Executing VM operation: RevokeBias done
Event: 37.478 Executing VM operation: RevokeBias
Event: 37.478 Executing VM operation: RevokeBias done


Dynamic libraries:
0x00007ff7f49a0000 - 0x00007ff7f49d7000 	C:\Program Files\Java\jre1.8.0_60\bin\javaw.exe
0x00007ffb2c0d0000 - 0x00007ffb2c291000 	C:\WINDOWS\SYSTEM32\ntdll.dll
0x00007ffb2a2b0000 - 0x00007ffb2a35d000 	C:\WINDOWS\system32\KERNEL32.DLL
0x00007ffb28d10000 - 0x00007ffb28eed000 	C:\WINDOWS\system32\KERNELBASE.dll
0x00007ffb298d0000 - 0x00007ffb29976000 	C:\WINDOWS\system32\ADVAPI32.dll
0x00007ffb2bdf0000 - 0x00007ffb2be8d000 	C:\WINDOWS\system32\msvcrt.dll
0x00007ffb2a360000 - 0x00007ffb2a3bb000 	C:\WINDOWS\system32\sechost.dll
0x00007ffb297a0000 - 0x00007ffb298c6000 	C:\WINDOWS\system32\RPCRT4.dll
0x00007ffb2a160000 - 0x00007ffb2a2ae000 	C:\WINDOWS\system32\USER32.dll
0x00007ffb2a570000 - 0x00007ffb2a6f6000 	C:\WINDOWS\system32\GDI32.dll
0x00007ffb233a0000 - 0x00007ffb23614000 	C:\WINDOWS\WinSxS\amd64_microsoft.windows.common-controls_6595b64144ccf1df_6.0.10240.16384_none_f41f7b285750ef43\COMCTL32.dll
0x00007ffb2c090000 - 0x00007ffb2c0c6000 	C:\WINDOWS\system32\IMM32.DLL
0x00007ffb2a760000 - 0x00007ffb2a8bc000 	C:\WINDOWS\system32\MSCTF.dll
0x0000000051300000 - 0x00000000513d2000 	C:\Program Files\Java\jre1.8.0_60\bin\msvcr100.dll
0x0000000051580000 - 0x0000000051e09000 	C:\Program Files\Java\jre1.8.0_60\bin\server\jvm.dll
0x00007ffb2c080000 - 0x00007ffb2c088000 	C:\WINDOWS\system32\PSAPI.DLL
0x00007ffb16970000 - 0x00007ffb16979000 	C:\WINDOWS\SYSTEM32\WSOCK32.dll
0x00007ffb27180000 - 0x00007ffb271a3000 	C:\WINDOWS\SYSTEM32\WINMM.dll
0x00007ffb246b0000 - 0x00007ffb246ba000 	C:\WINDOWS\SYSTEM32\VERSION.dll
0x00007ffb2bf50000 - 0x00007ffb2bfb9000 	C:\WINDOWS\system32\WS2_32.dll
0x00007ffb29d10000 - 0x00007ffb29d18000 	C:\WINDOWS\system32\NSI.dll
0x0000000002390000 - 0x00000000023bc000 	C:\WINDOWS\SYSTEM32\WINMMBASE.dll
0x00007ffb28f50000 - 0x00007ffb28f94000 	C:\WINDOWS\system32\cfgmgr32.dll
0x00007ffb27470000 - 0x00007ffb27497000 	C:\WINDOWS\SYSTEM32\DEVOBJ.dll
0x0000000051570000 - 0x000000005157f000 	C:\Program Files\Java\jre1.8.0_60\bin\verify.dll
0x0000000051540000 - 0x0000000051569000 	C:\Program Files\Java\jre1.8.0_60\bin\java.dll
0x0000000051520000 - 0x0000000051536000 	C:\Program Files\Java\jre1.8.0_60\bin\zip.dll
0x00007ffb2a8c0000 - 0x00007ffb2bde2000 	C:\WINDOWS\system32\SHELL32.dll
0x00007ffb29170000 - 0x00007ffb29799000 	C:\WINDOWS\system32\windows.storage.dll
0x00007ffb29d20000 - 0x00007ffb29f9c000 	C:\WINDOWS\system32\combase.dll
0x00007ffb2be90000 - 0x00007ffb2bee1000 	C:\WINDOWS\system32\shlwapi.dll
0x00007ffb28b70000 - 0x00007ffb28b7f000 	C:\WINDOWS\system32\kernel.appcore.dll
0x00007ffb28ba0000 - 0x00007ffb28c53000 	C:\WINDOWS\system32\shcore.dll
0x00007ffb28b20000 - 0x00007ffb28b6a000 	C:\WINDOWS\system32\powrprof.dll
0x00007ffb28b00000 - 0x00007ffb28b13000 	C:\WINDOWS\system32\profapi.dll
0x0000000051160000 - 0x00000000512f8000 	C:\Program Files\Java\jre1.8.0_60\bin\awt.dll
0x00007ffb2bfc0000 - 0x00007ffb2c07e000 	C:\WINDOWS\system32\OLEAUT32.dll
0x00007ffb27250000 - 0x00007ffb272c8000 	C:\WINDOWS\system32\apphelp.dll
0x00007ffb273d0000 - 0x00007ffb27466000 	C:\WINDOWS\system32\uxtheme.dll
0x00007ffb262f0000 - 0x00007ffb26312000 	C:\WINDOWS\system32\dwmapi.dll
0x00007ffb2a010000 - 0x00007ffb2a151000 	C:\WINDOWS\system32\ole32.dll
0x00007ffb28950000 - 0x00007ffb289bb000 	C:\WINDOWS\SYSTEM32\bcryptPrimitives.dll
0x00007ffb118a0000 - 0x00007ffb11ab0000 	C:\WINDOWS\system32\d3d9.dll
0x00007ffaf6710000 - 0x00007ffaf764f000 	C:\WINDOWS\SYSTEM32\nvd3dumx.dll
0x0000000180000000 - 0x00000001801a7000 	C:\WINDOWS\system32\nvspcap64.dll
0x00007ffb29990000 - 0x00007ffb29b55000 	C:\WINDOWS\system32\SETUPAPI.dll
0x00007ffb246c0000 - 0x00007ffb24796000 	C:\WINDOWS\SYSTEM32\WINHTTP.dll
0x00007ffb23620000 - 0x00007ffb2397b000 	C:\WINDOWS\system32\nvapi64.dll
0x00007ffb28750000 - 0x00007ffb2877c000 	C:\WINDOWS\SYSTEM32\SspiCli.dll
0x00007ffb24200000 - 0x00007ffb24360000 	C:\Program Files (x86)\NVIDIA Corporation\3D Vision\nvSCPAPI64.dll
0x0000000051110000 - 0x0000000051157000 	C:\Program Files\Java\jre1.8.0_60\bin\fontmanager.dll
0x0000000051500000 - 0x000000005151a000 	C:\Program Files\Java\jre1.8.0_60\bin\net.dll
0x00007ffb28360000 - 0x00007ffb283bd000 	C:\WINDOWS\system32\mswsock.dll
0x00000000514e0000 - 0x00000000514f1000 	C:\Program Files\Java\jre1.8.0_60\bin\nio.dll
0x00000000510c0000 - 0x0000000051102000 	C:\Program Files\Java\jre1.8.0_60\bin\t2k.dll
0x00007ffb29c60000 - 0x00007ffb29d05000 	C:\WINDOWS\system32\clbcatq.dll
0x00007ffb21ee0000 - 0x00007ffb22092000 	C:\WINDOWS\SYSTEM32\WindowsCodecs.dll
0x00007ffb28640000 - 0x00007ffb28668000 	C:\WINDOWS\SYSTEM32\bcrypt.dll
0x00007ffb284c0000 - 0x00007ffb284d7000 	C:\WINDOWS\SYSTEM32\cryptsp.dll
0x00007ffb28010000 - 0x00007ffb28043000 	C:\WINDOWS\system32\rsaenh.dll
0x00007ffb28610000 - 0x00007ffb2861b000 	C:\WINDOWS\SYSTEM32\CRYPTBASE.dll
0x00007ffb13190000 - 0x00007ffb131d6000 	C:\WINDOWS\system32\dataexchange.dll
0x00007ffb26f00000 - 0x00007ffb26fd1000 	C:\WINDOWS\system32\dcomp.dll
0x00007ffb20bc0000 - 0x00007ffb21105000 	C:\WINDOWS\system32\d2d1.dll
0x00007ffb25fb0000 - 0x00007ffb26253000 	C:\WINDOWS\system32\d3d11.dll
0x00007ffb25f10000 - 0x00007ffb25fac000 	C:\WINDOWS\system32\dxgi.dll
0x00007ffb274c0000 - 0x00007ffb275ae000 	C:\WINDOWS\system32\twinapi.appcore.dll
0x00007ffb28300000 - 0x00007ffb2831f000 	C:\WINDOWS\system32\USERENV.dll
0x00007ffb247a0000 - 0x00007ffb247d8000 	C:\WINDOWS\SYSTEM32\IPHLPAPI.DLL
0x00007ffb24640000 - 0x00007ffb2464b000 	C:\WINDOWS\SYSTEM32\WINNSI.DLL
0x00007ffb22520000 - 0x00007ffb22536000 	C:\WINDOWS\SYSTEM32\dhcpcsvc6.DLL
0x00007ffb21bb0000 - 0x00007ffb21bca000 	C:\WINDOWS\SYSTEM32\dhcpcsvc.DLL
0x0000000032130000 - 0x0000000032167000 	C:\Users\matthew\AppData\Local\Temp\jna5617944916585995451.dll
0x00007ffaf7fb0000 - 0x00007ffaf838f000 	C:\WINDOWS\SYSTEM32\edk.dll
0x00007ffb28fa0000 - 0x00007ffb29161000 	C:\WINDOWS\system32\CRYPT32.dll
0x00007ffb28b80000 - 0x00007ffb28b91000 	C:\WINDOWS\system32\MSASN1.dll
0x00007ffb27dc0000 - 0x00007ffb27dcc000 	C:\WINDOWS\SYSTEM32\HID.DLL
0x0000000052150000 - 0x00000000521e8000 	C:\WINDOWS\SYSTEM32\MSVCP100.dll
0x00007ffb212d0000 - 0x00007ffb21331000 	C:\Program Files\Intel\iCLS Client\SSLEAY32.dll
0x00007ffaf7e10000 - 0x00007ffaf7fa1000 	C:\Program Files\Intel\iCLS Client\LIBEAY32.dll
0x00007ffb150a0000 - 0x00007ffb1522a000 	C:\WINDOWS\SYSTEM32\dbghelp.dll

VM Arguments:
jvm_args: -Dfile.encoding=Cp1252 
java_command: Main
java_class_path (initial): C:\Users\matthew\Projects\neurological-pattern-research\PatternResearch\bin;C:\Users\matthew\Projects\neurological-pattern-research\lib\jna.jar;C:\Users\matthew\Projects\neurological-pattern-research\lib\neuroph-core-2.9.jar
Launcher Type: SUN_STANDARD

Environment Variables:
PATH=C:/Program Files/Java/jre1.8.0_60/bin/server;C:/Program Files/Java/jre1.8.0_60/bin;C:/Program Files/Java/jre1.8.0_60/lib/amd64;C:\ProgramData\Oracle\Java\javapath;C:\Program Files\Broadcom\Broadcom 802.11 Network Adapter;C:\Program Files (x86)\Intel\iCLS Client\;C:\Program Files\Intel\iCLS Client\;C:\WINDOWS\system32;C:\WINDOWS;C:\WINDOWS\System32\Wbem;C:\WINDOWS\System32\WindowsPowerShell\v1.0\;C:\Program Files\Intel\Intel(R) Management Engine Components\DAL;C:\Program Files (x86)\Intel\Intel(R) Management Engine Components\DAL;C:\Program Files\Intel\Intel(R) Management Engine Components\IPT;C:\Program Files (x86)\Intel\Intel(R) Management Engine Components\IPT;C:\Program Files\WIDCOMM\Bluetooth Software\;C:\Program Files\WIDCOMM\Bluetooth Software\syswow64;C:\Program Files (x86)\NVIDIA Corporation\PhysX\Common;C:\WINDOWS\system32;C:\WINDOWS;C:\WINDOWS\System32\Wbem;C:\WINDOWS\System32\WindowsPowerShell\v1.0\;C:\Program Files (x86)\Skype\Phone\;C:\WINDOWS\system32\config\systemprofile\.dnx\bin;C:\Program Files\Microsoft DNX\Dnvm\;C:\Program Files\Microsoft SQL Server\120\Tools\Binn\;C:\Program Files (x86)\Windows Kits\10\Windows Performance Toolkit\;C:\Program Files (x86)\nodejs\;C:\Users\matthew\AppData\Roaming\npm;C:\Users\matthew\Desktop;
USERNAME=matthew
OS=Windows_NT
PROCESSOR_IDENTIFIER=Intel64 Family 6 Model 63 Stepping 2, GenuineIntel



---------------  S Y S T E M  ---------------

OS: Windows 10.0 , 64 bit Build 10240 (10.0.10240.16384)

CPU:total 16 (8 cores per cpu, 2 threads per core) family 6 model 63 stepping 2, cmov, cx8, fxsr, mmx, sse, sse2, sse3, ssse3, sse4.1, sse4.2, popcnt, avx, avx2, aes, clmul, erms, lzcnt, ht, tsc, tscinvbit, bmi1, bmi2

Memory: 4k page, physical 33450920k(28669296k free), swap 38431656k(31830868k free)

vm_info: Java HotSpot(TM) 64-Bit Server VM (25.60-b23) for windows-amd64 JRE (1.8.0_60-b27), built on Aug  4 2015 11:06:27 by "java_re" with MS VC++ 10.0 (VS2010)

time: Wed Sep 30 19:20:23 2015
elapsed time: 37 seconds (0d 0h 0m 37s)

