#
# A fatal error has been detected by the Java Runtime Environment:
#
#  EXCEPTION_ACCESS_VIOLATION (0xc0000005) at pc=0x00007ffb23d15e37, pid=3504, tid=272
#
# JRE version: Java(TM) SE Runtime Environment (8.0_60-b27) (build 1.8.0_60-b27)
# Java VM: Java HotSpot(TM) 64-Bit Server VM (25.60-b23 mixed mode windows-amd64 compressed oops)
# Problematic frame:
# C  [edk.dll+0xf5e37]
#
# Failed to write core dump. Minidumps are not enabled by default on client versions of Windows
#
# If you would like to submit a bug report, please visit:
#   http://bugreport.java.com/bugreport/crash.jsp
# The crash happened outside the Java Virtual Machine in native code.
# See problematic frame for where to report the bug.
#

---------------  T H R E A D  ---------------

Current thread (0x000000002a9ea800):  JavaThread "Timer-0" [_thread_in_native, id=272, stack(0x0000000032820000,0x0000000032920000)]

siginfo: ExceptionCode=0xc0000005, reading address 0x0000000000000000

Registers:
RAX=0x0000000000000000, RBX=0x0000000031fe5588, RCX=0x0000000000000000, RDX=0x000000002a9bbe50
RSP=0x000000003291e860, RBP=0x000000003291e8f0, RSI=0x0000000715d80010, RDI=0x000000003291e9d8
R8 =0x000000002a9bbe50, R9 =0x000000003216636a, R10=0x0000000000000034, R11=0x000000003291e8b8
R12=0x0000000000000000, R13=0x00000000e30d4057, R14=0x00000000e308f372, R15=0x000000002a9ea800
RIP=0x00007ffb23d15e37, EFLAGS=0x0000000000010206

Top of Stack: (sp=0x000000003291e860)
0x000000003291e860:   000000003291e8c0 000000003291ea40
0x000000003291e870:   0000000000000008 cccccccc00000005
0x000000003291e880:   000000002a9bbe50 0000000032166381
0x000000003291e890:   fffffffffffffffe 000000003291e948
0x000000003291e8a0:   000000003291e889 00000000321663b3
0x000000003291e8b0:   0000000000000000 000000002a9bbe50
0x000000003291e8c0:   000000002a9bbe50 000000003216636a
0x000000003291e8d0:   00000000e308f372 000000002a9ea800
0x000000003291e8e0:   00000000e308f372 00000000e30d4057
0x000000003291e8f0:   000000003291e8b0 000000002a9ea9f8
0x000000003291e900:   000000003291e940 000000003215edd3
0x000000003291e910:   000000003215e5d0 000000003291e948
0x000000003291e920:   0000000000000040 000000000000000a
0x000000003291e930:   000000003291ec00 00007ffb23d15e10
0x000000003291e940:   cccccccccccccccc 000000003291ea80
0x000000003291e950:   000000003291ec00 000000003291ea20 

Instructions: (pc=0x00007ffb23d15e37)
0x00007ffb23d15e17:   24 08 48 83 ec 48 48 c7 44 24 30 fe ff ff ff 48
0x00007ffb23d15e27:   8b 44 24 58 48 89 44 24 20 48 8b 05 51 34 2b 00
0x00007ffb23d15e37:   48 8b 00 4c 8b 44 24 20 8b 54 24 50 48 8b 0d 3e
0x00007ffb23d15e47:   34 2b 00 ff 90 88 00 00 00 89 44 24 38 8b 44 24 


Register to memory mapping:

RAX=0x0000000000000000 is an unknown value
RBX=0x0000000031fe5588 is pointing into metadata
RCX=0x0000000000000000 is an unknown value
RDX=0x000000002a9bbe50 is an unknown value
RSP=0x000000003291e860 is pointing into the stack for thread: 0x000000002a9ea800
RBP=0x000000003291e8f0 is pointing into the stack for thread: 0x000000002a9ea800
RSI=0x0000000715d80010 is an oop
java.lang.Class 
 - klass: 'java/lang/Class'
RDI=0x000000003291e9d8 is pointing into the stack for thread: 0x000000002a9ea800
R8 =0x000000002a9bbe50 is an unknown value
R9 =0x000000003216636a is an unknown value
R10=0x0000000000000034 is an unknown value
R11=0x000000003291e8b8 is pointing into the stack for thread: 0x000000002a9ea800
R12=0x0000000000000000 is an unknown value
R13=0x00000000e30d4057 is an unknown value
R14=0x00000000e308f372 is an unknown value
R15=0x000000002a9ea800 is a thread


Stack: [0x0000000032820000,0x0000000032920000],  sp=0x000000003291e860,  free space=1018k
Native frames: (J=compiled Java code, j=interpreted, Vv=VM code, C=native code)
C  [edk.dll+0xf5e37]
C  [jna3594358298567906868.dll+0x163b3]
C  [jna3594358298567906868.dll+0xedd3]
C  [jna3594358298567906868.dll+0x20e5]
C  [jna3594358298567906868.dll+0x2457]
C  0x0000000002d0d1cd

Java frames: (J=compiled Java code, j=interpreted, Vv=VM code)
J 1360  com.sun.jna.Function.invokeInt(I[Ljava/lang/Object;)I (0 bytes) @ 0x0000000002d0d14f [0x0000000002d0d100+0x4f]
J 1405 C2 com.sun.jna.Function.invoke([Ljava/lang/Object;Ljava/lang/Class;Z)Ljava/lang/Object; (1125 bytes) @ 0x0000000002d6cd08 [0x0000000002d6cb60+0x1a8]
J 1455 C1 com.sun.jna.Function.invoke(Ljava/lang/Class;[Ljava/lang/Object;Ljava/util/Map;)Ljava/lang/Object; (526 bytes) @ 0x0000000002da2e74 [0x0000000002da1bc0+0x12b4]
J 1404 C2 com.sun.jna.Library$Handler.invoke(Ljava/lang/Object;Ljava/lang/reflect/Method;[Ljava/lang/Object;)Ljava/lang/Object; (345 bytes) @ 0x0000000002d8112c [0x0000000002d80ca0+0x48c]
J 1434 C2 com.sun.proxy.$Proxy0.EE_DataUpdateHandle(ILcom/sun/jna/Pointer;)I (46 bytes) @ 0x0000000002d90314 [0x0000000002d901e0+0x134]
j  Main$1.run()V+235
j  java.util.TimerThread.mainLoop()V+221
j  java.util.TimerThread.run()V+1
v  ~StubRoutines::call_stub

---------------  P R O C E S S  ---------------

Java Threads: ( => current thread )
  0x0000000030a42800 JavaThread "Timer-1" [_thread_blocked, id=5416, stack(0x0000000032520000,0x0000000032620000)]
=>0x000000002a9ea800 JavaThread "Timer-0" [_thread_in_native, id=272, stack(0x0000000032820000,0x0000000032920000)]
  0x000000002a77e000 JavaThread "TimerQueue" daemon [_thread_blocked, id=6788, stack(0x0000000031e50000,0x0000000031f50000)]
  0x000000002a68c000 JavaThread "D3D Screen Updater" daemon [_thread_blocked, id=5220, stack(0x0000000030590000,0x0000000030690000)]
  0x0000000002612800 JavaThread "DestroyJavaVM" [_thread_blocked, id=3992, stack(0x0000000002510000,0x0000000002610000)]
  0x000000002a4b3800 JavaThread "AWT-EventQueue-0" [_thread_in_native, id=9060, stack(0x000000002ff90000,0x0000000030090000)]
  0x000000002a49a800 JavaThread "AWT-Windows" daemon [_thread_in_native, id=12520, stack(0x000000002acf0000,0x000000002adf0000)]
  0x000000002a49a000 JavaThread "AWT-Shutdown" [_thread_blocked, id=1300, stack(0x000000002abf0000,0x000000002acf0000)]
  0x000000002a499800 JavaThread "Java2D Disposer" daemon [_thread_blocked, id=1980, stack(0x000000002aaf0000,0x000000002abf0000)]
  0x00000000277c8800 JavaThread "Service Thread" daemon [_thread_blocked, id=1204, stack(0x000000002a010000,0x000000002a110000)]
  0x0000000027739000 JavaThread "C1 CompilerThread11" daemon [_thread_blocked, id=7744, stack(0x0000000029f10000,0x000000002a010000)]
  0x0000000027734800 JavaThread "C1 CompilerThread10" daemon [_thread_blocked, id=7488, stack(0x0000000029e10000,0x0000000029f10000)]
  0x0000000027735000 JavaThread "C1 CompilerThread9" daemon [_thread_blocked, id=5996, stack(0x0000000029d10000,0x0000000029e10000)]
  0x0000000027738000 JavaThread "C1 CompilerThread8" daemon [_thread_blocked, id=9100, stack(0x0000000029b10000,0x0000000029c10000)]
  0x0000000027736800 JavaThread "C2 CompilerThread7" daemon [_thread_blocked, id=1896, stack(0x0000000029a10000,0x0000000029b10000)]
  0x000000002772b000 JavaThread "C2 CompilerThread6" daemon [_thread_blocked, id=3112, stack(0x0000000029910000,0x0000000029a10000)]
  0x0000000027702800 JavaThread "C2 CompilerThread5" daemon [_thread_blocked, id=11720, stack(0x0000000029810000,0x0000000029910000)]
  0x00000000276f3800 JavaThread "C2 CompilerThread4" daemon [_thread_blocked, id=4268, stack(0x0000000029710000,0x0000000029810000)]
  0x00000000276eb000 JavaThread "C2 CompilerThread3" daemon [_thread_blocked, id=2140, stack(0x0000000029610000,0x0000000029710000)]
  0x00000000276de800 JavaThread "C2 CompilerThread2" daemon [_thread_blocked, id=6108, stack(0x0000000029510000,0x0000000029610000)]
  0x00000000276de000 JavaThread "C2 CompilerThread1" daemon [_thread_blocked, id=6500, stack(0x0000000029410000,0x0000000029510000)]
  0x00000000276da800 JavaThread "C2 CompilerThread0" daemon [_thread_blocked, id=4636, stack(0x0000000029310000,0x0000000029410000)]
  0x00000000276d6000 JavaThread "Attach Listener" daemon [_thread_blocked, id=5980, stack(0x0000000029210000,0x0000000029310000)]
  0x00000000276d1000 JavaThread "Signal Dispatcher" daemon [_thread_blocked, id=9080, stack(0x0000000029110000,0x0000000029210000)]
  0x0000000025c4e000 JavaThread "Finalizer" daemon [_thread_blocked, id=6272, stack(0x0000000028f30000,0x0000000029030000)]
  0x00000000276a4800 JavaThread "Reference Handler" daemon [_thread_blocked, id=5292, stack(0x0000000028e30000,0x0000000028f30000)]

Other Threads:
  0x00000000276a1800 VMThread [stack: 0x0000000028d30000,0x0000000028e30000] [id=9200]
  0x0000000027825800 WatcherThread [stack: 0x000000002a110000,0x000000002a210000] [id=2148]

VM state:not at safepoint (normal execution)

VM Mutex/Monitor currently owned by a thread: None

Heap:
 PSYoungGen      total 153088K, used 57898K [0x0000000715d80000, 0x0000000720800000, 0x00000007c0000000)
  eden space 131584K, 44% used [0x0000000715d80000,0x000000071960a9b8,0x000000071de00000)
  from space 21504K, 0% used [0x000000071f300000,0x000000071f300000,0x0000000720800000)
  to   space 21504K, 0% used [0x000000071de00000,0x000000071de00000,0x000000071f300000)
 ParOldGen       total 349696K, used 0K [0x00000005c1800000, 0x00000005d6d80000, 0x0000000715d80000)
  object space 349696K, 0% used [0x00000005c1800000,0x00000005c1800000,0x00000005d6d80000)
 Metaspace       used 12429K, capacity 12622K, committed 12672K, reserved 1060864K
  class space    used 1565K, capacity 1643K, committed 1664K, reserved 1048576K

Card table byte_map: [0x0000000011ad0000,0x0000000012ad0000] byte_map_base: 0x000000000ecc4000

Marking Bits: (ParMarkBitMap*) 0x000000007401a5b0
 Begin Bits: [0x0000000014280000, 0x000000001c220000)
 End Bits:   [0x000000001c220000, 0x00000000241c0000)

Polling page: 0x0000000000b10000

CodeCache: size=245760Kb used=6747Kb max_used=6747Kb free=239012Kb
 bounds [0x0000000002710000, 0x0000000002db0000, 0x0000000011710000]
 total_blobs=1986 nmethods=1467 adapters=428
 compilation: enabled

Compilation events (10 events):
Event: 12.429 Thread 0x000000002772b000 nmethod 1451 0x0000000002d96c90 code [0x0000000002d96e20, 0x0000000002d973a8]
Event: 12.430 Thread 0x00000000276de000 nmethod 1448 0x0000000002d96250 code [0x0000000002d963c0, 0x0000000002d968a8]
Event: 12.432 Thread 0x00000000276da800 nmethod 1449 0x0000000002d9f150 code [0x0000000002d9f2c0, 0x0000000002d9f628]
Event: 12.438 Thread 0x00000000276eb000 nmethod 1452 0x0000000002d9dcd0 code [0x0000000002d9de80, 0x0000000002d9e4e0]
Event: 12.519 Thread 0x0000000027734800 1453       1       javax.swing.Timer::isRepeats (5 bytes)
Event: 12.519 Thread 0x0000000027735000 1454       1       javax.swing.Timer::getDelay (5 bytes)
Event: 12.519 Thread 0x0000000027735000 nmethod 1454 0x0000000002d95f90 code [0x0000000002d960e0, 0x0000000002d961f0]
Event: 12.519 Thread 0x0000000027734800 nmethod 1453 0x0000000002d95cd0 code [0x0000000002d95e20, 0x0000000002d95f30]
Event: 12.915 Thread 0x0000000027739000 1455       3       com.sun.jna.Function::invoke (526 bytes)
Event: 12.920 Thread 0x0000000027739000 nmethod 1455 0x0000000002da1650 code [0x0000000002da1bc0, 0x0000000002da56c8]

GC Heap History (0 events):
No events

Deoptimization events (10 events):
Event: 8.767 Thread 0x000000002a4b3800 Uncommon trap: reason=class_check action=maybe_recompile pc=0x0000000002b43428 method=java.util.HashMap.putVal(ILjava/lang/Object;Ljava/lang/Object;ZZ)Ljava/lang/Object; @ 253
Event: 8.767 Thread 0x000000002a4b3800 Uncommon trap: reason=class_check action=maybe_recompile pc=0x0000000002b43428 method=java.util.HashMap.putVal(ILjava/lang/Object;Ljava/lang/Object;ZZ)Ljava/lang/Object; @ 253
Event: 8.767 Thread 0x000000002a4b3800 Uncommon trap: reason=class_check action=maybe_recompile pc=0x0000000002b43428 method=java.util.HashMap.putVal(ILjava/lang/Object;Ljava/lang/Object;ZZ)Ljava/lang/Object; @ 253
Event: 8.767 Thread 0x000000002a4b3800 Uncommon trap: reason=class_check action=maybe_recompile pc=0x0000000002b3baac method=java.util.HashMap.putVal(ILjava/lang/Object;Ljava/lang/Object;ZZ)Ljava/lang/Object; @ 253
Event: 9.893 Thread 0x000000002a4b3800 Uncommon trap: reason=unstable_if action=reinterpret pc=0x0000000002c61b30 method=java.util.HashMap.getNode(ILjava/lang/Object;)Ljava/util/HashMap$Node; @ 62
Event: 9.893 Thread 0x000000002a4b3800 Uncommon trap: reason=unstable_if action=reinterpret pc=0x0000000002cb8558 method=java.util.HashMap.putVal(ILjava/lang/Object;Ljava/lang/Object;ZZ)Ljava/lang/Object; @ 94
Event: 9.894 Thread 0x000000002a4b3800 Uncommon trap: reason=unstable_if action=reinterpret pc=0x0000000002b7a1a0 method=java.util.HashMap.getNode(ILjava/lang/Object;)Ljava/util/HashMap$Node; @ 62
Event: 9.894 Thread 0x000000002a4b3800 Uncommon trap: reason=unstable_if action=reinterpret pc=0x0000000002cbbc84 method=java.util.HashMap.putVal(ILjava/lang/Object;Ljava/lang/Object;ZZ)Ljava/lang/Object; @ 94
Event: 10.000 Thread 0x000000002a9ea800 Uncommon trap: reason=null_check action=make_not_entrant pc=0x0000000002d7f4ac method=com.sun.jna.Function.invoke(Ljava/lang/Class;[Ljava/lang/Object;Ljava/util/Map;)Ljava/lang/Object; @ 152
Event: 12.914 Thread 0x000000002a4b3800 Uncommon trap: reason=unstable_if action=reinterpret pc=0x0000000002d85bb8 method=com.sun.jna.Function.invoke(Ljava/lang/Class;[Ljava/lang/Object;Ljava/util/Map;)Ljava/lang/Object; @ 7

Internal exceptions (10 events):
Event: 0.265 Thread 0x0000000002612800 Exception <a 'java/io/FileNotFoundException'> (0x0000000717047b90) thrown at [C:\re\workspace\8-2-build-windows-amd64-cygwin\jdk8u60\4407\hotspot\src\share\vm\prims\jni.cpp, line 709]
Event: 0.265 Thread 0x0000000002612800 Exception <a 'java/io/FileNotFoundException'> (0x0000000717048e90) thrown at [C:\re\workspace\8-2-build-windows-amd64-cygwin\jdk8u60\4407\hotspot\src\share\vm\prims\jni.cpp, line 709]
Event: 0.265 Thread 0x0000000002612800 Exception <a 'java/io/FileNotFoundException'> (0x000000071704a198) thrown at [C:\re\workspace\8-2-build-windows-amd64-cygwin\jdk8u60\4407\hotspot\src\share\vm\prims\jni.cpp, line 709]
Event: 0.265 Thread 0x0000000002612800 Exception <a 'java/io/FileNotFoundException'> (0x000000071704b498) thrown at [C:\re\workspace\8-2-build-windows-amd64-cygwin\jdk8u60\4407\hotspot\src\share\vm\prims\jni.cpp, line 709]
Event: 0.265 Thread 0x0000000002612800 Exception <a 'java/io/FileNotFoundException'> (0x000000071704d8d0) thrown at [C:\re\workspace\8-2-build-windows-amd64-cygwin\jdk8u60\4407\hotspot\src\share\vm\prims\jni.cpp, line 709]
Event: 0.265 Thread 0x0000000002612800 Exception <a 'java/io/FileNotFoundException'> (0x000000071704ebe0) thrown at [C:\re\workspace\8-2-build-windows-amd64-cygwin\jdk8u60\4407\hotspot\src\share\vm\prims\jni.cpp, line 709]
Event: 0.266 Thread 0x0000000002612800 Exception <a 'java/io/FileNotFoundException'> (0x0000000717050fa0) thrown at [C:\re\workspace\8-2-build-windows-amd64-cygwin\jdk8u60\4407\hotspot\src\share\vm\prims\jni.cpp, line 709]
Event: 3.706 Thread 0x000000002a4b3800 Implicit null exception at 0x0000000002b5a998 to 0x0000000002b5d411
Event: 8.748 Thread 0x000000002a4b3800 Implicit null exception at 0x0000000002b2fc3c to 0x0000000002b2fcc9
Event: 12.914 Thread 0x000000002a4b3800 Implicit null exception at 0x0000000002d84683 to 0x0000000002d85ba1

Events (10 events):
Event: 9.960 Executing VM operation: RevokeBias
Event: 9.960 Executing VM operation: RevokeBias done
Event: 9.960 Executing VM operation: RevokeBias
Event: 9.960 Executing VM operation: RevokeBias done
Event: 10.000 Thread 0x000000002a9ea800 Uncommon trap: trap_request=0xfffffff4 fr.pc=0x0000000002d7f4ac
Event: 10.000 Thread 0x000000002a9ea800 DEOPT PACKING pc=0x0000000002d7f4ac sp=0x000000003291ed10
Event: 10.000 Thread 0x000000002a9ea800 DEOPT UNPACKING pc=0x000000000275582a sp=0x000000003291ec80 mode 2
Event: 12.914 Thread 0x000000002a4b3800 Uncommon trap: trap_request=0xffffff65 fr.pc=0x0000000002d85bb8
Event: 12.914 Thread 0x000000002a4b3800 DEOPT PACKING pc=0x0000000002d85bb8 sp=0x000000003008cf60
Event: 12.914 Thread 0x000000002a4b3800 DEOPT UNPACKING pc=0x000000000275582a sp=0x000000003008ced8 mode 2


Dynamic libraries:
0x00007ff6cb9d0000 - 0x00007ff6cba07000 	C:\Program Files\Java\jre1.8.0_60\bin\javaw.exe
0x00007ffb45ee0000 - 0x00007ffb460a1000 	C:\WINDOWS\SYSTEM32\ntdll.dll
0x00007ffb45be0000 - 0x00007ffb45c8d000 	C:\WINDOWS\system32\KERNEL32.DLL
0x00007ffb433d0000 - 0x00007ffb435ad000 	C:\WINDOWS\system32\KERNELBASE.dll
0x00007ffb45950000 - 0x00007ffb459f6000 	C:\WINDOWS\system32\ADVAPI32.dll
0x00007ffb44c00000 - 0x00007ffb44c9d000 	C:\WINDOWS\system32\msvcrt.dll
0x00007ffb45320000 - 0x00007ffb4537b000 	C:\WINDOWS\system32\sechost.dll
0x00007ffb45ab0000 - 0x00007ffb45bd6000 	C:\WINDOWS\system32\RPCRT4.dll
0x00007ffb45780000 - 0x00007ffb458ce000 	C:\WINDOWS\system32\USER32.dll
0x00007ffb45380000 - 0x00007ffb45506000 	C:\WINDOWS\system32\GDI32.dll
0x00007ffb3d3f0000 - 0x00007ffb3d664000 	C:\WINDOWS\WinSxS\amd64_microsoft.windows.common-controls_6595b64144ccf1df_6.0.10240.16384_none_f41f7b285750ef43\COMCTL32.dll
0x00007ffb45a70000 - 0x00007ffb45aa6000 	C:\WINDOWS\system32\IMM32.DLL
0x00007ffb45620000 - 0x00007ffb4577c000 	C:\WINDOWS\system32\MSCTF.dll
0x0000000073660000 - 0x0000000073732000 	C:\Program Files\Java\jre1.8.0_60\bin\msvcr100.dll
0x0000000073810000 - 0x0000000074099000 	C:\Program Files\Java\jre1.8.0_60\bin\server\jvm.dll
0x00007ffb458d0000 - 0x00007ffb458d8000 	C:\WINDOWS\system32\PSAPI.DLL
0x00007ffb40470000 - 0x00007ffb40479000 	C:\WINDOWS\SYSTEM32\WSOCK32.dll
0x00007ffb40e50000 - 0x00007ffb40e73000 	C:\WINDOWS\SYSTEM32\WINMM.dll
0x00007ffb3f910000 - 0x00007ffb3f91a000 	C:\WINDOWS\SYSTEM32\VERSION.dll
0x00007ffb458e0000 - 0x00007ffb45949000 	C:\WINDOWS\system32\WS2_32.dll
0x00007ffb44ca0000 - 0x00007ffb44ca8000 	C:\WINDOWS\system32\NSI.dll
0x0000000002400000 - 0x000000000242c000 	C:\WINDOWS\SYSTEM32\WINMMBASE.dll
0x00007ffb43090000 - 0x00007ffb430d4000 	C:\WINDOWS\system32\cfgmgr32.dll
0x00007ffb41280000 - 0x00007ffb412a7000 	C:\WINDOWS\SYSTEM32\DEVOBJ.dll
0x0000000073800000 - 0x000000007380f000 	C:\Program Files\Java\jre1.8.0_60\bin\verify.dll
0x00000000737d0000 - 0x00000000737f9000 	C:\Program Files\Java\jre1.8.0_60\bin\java.dll
0x00000000737b0000 - 0x00000000737c6000 	C:\Program Files\Java\jre1.8.0_60\bin\zip.dll
0x00007ffb435b0000 - 0x00007ffb44ad2000 	C:\WINDOWS\system32\SHELL32.dll
0x00007ffb429b0000 - 0x00007ffb42fd9000 	C:\WINDOWS\system32\windows.storage.dll
0x00007ffb44cb0000 - 0x00007ffb44f2c000 	C:\WINDOWS\system32\combase.dll
0x00007ffb44ba0000 - 0x00007ffb44bf1000 	C:\WINDOWS\system32\shlwapi.dll
0x00007ffb42980000 - 0x00007ffb4298f000 	C:\WINDOWS\system32\kernel.appcore.dll
0x00007ffb430e0000 - 0x00007ffb43193000 	C:\WINDOWS\system32\shcore.dll
0x00007ffb42910000 - 0x00007ffb4295a000 	C:\WINDOWS\system32\powrprof.dll
0x00007ffb42990000 - 0x00007ffb429a3000 	C:\WINDOWS\system32\profapi.dll
0x00000000734c0000 - 0x0000000073658000 	C:\Program Files\Java\jre1.8.0_60\bin\awt.dll
0x00007ffb44ae0000 - 0x00007ffb44b9e000 	C:\WINDOWS\system32\OLEAUT32.dll
0x00007ffb41060000 - 0x00007ffb410d8000 	C:\WINDOWS\system32\apphelp.dll
0x00007ffb41170000 - 0x00007ffb41206000 	C:\WINDOWS\system32\uxtheme.dll
0x00007ffb40410000 - 0x00007ffb40432000 	C:\WINDOWS\system32\dwmapi.dll
0x00007ffb45d90000 - 0x00007ffb45ed1000 	C:\WINDOWS\system32\ole32.dll
0x00007ffb42760000 - 0x00007ffb427cb000 	C:\WINDOWS\SYSTEM32\bcryptPrimitives.dll
0x00007ffb2cdc0000 - 0x00007ffb2cfd0000 	C:\WINDOWS\system32\d3d9.dll
0x00007ffb142a0000 - 0x00007ffb151df000 	C:\WINDOWS\SYSTEM32\nvd3dumx.dll
0x0000000180000000 - 0x00000001801a7000 	C:\WINDOWS\system32\nvspcap64.dll
0x00007ffb44fa0000 - 0x00007ffb45165000 	C:\WINDOWS\system32\SETUPAPI.dll
0x00007ffb3fa50000 - 0x00007ffb3fb26000 	C:\WINDOWS\SYSTEM32\WINHTTP.dll
0x00007ffb3c8e0000 - 0x00007ffb3cc3b000 	C:\WINDOWS\system32\nvapi64.dll
0x00007ffb42560000 - 0x00007ffb4258c000 	C:\WINDOWS\SYSTEM32\SspiCli.dll
0x00007ffb3f210000 - 0x00007ffb3f370000 	C:\Program Files (x86)\NVIDIA Corporation\3D Vision\nvSCPAPI64.dll
0x0000000073470000 - 0x00000000734b7000 	C:\Program Files\Java\jre1.8.0_60\bin\fontmanager.dll
0x0000000073790000 - 0x00000000737aa000 	C:\Program Files\Java\jre1.8.0_60\bin\net.dll
0x00007ffb42180000 - 0x00007ffb421dd000 	C:\WINDOWS\system32\mswsock.dll
0x0000000073770000 - 0x0000000073781000 	C:\Program Files\Java\jre1.8.0_60\bin\nio.dll
0x0000000073420000 - 0x0000000073462000 	C:\Program Files\Java\jre1.8.0_60\bin\t2k.dll
0x00007ffb45510000 - 0x00007ffb455b5000 	C:\WINDOWS\system32\clbcatq.dll
0x00007ffb3bd90000 - 0x00007ffb3bf42000 	C:\WINDOWS\SYSTEM32\WindowsCodecs.dll
0x00007ffb42450000 - 0x00007ffb42478000 	C:\WINDOWS\SYSTEM32\bcrypt.dll
0x00007ffb421e0000 - 0x00007ffb421f7000 	C:\WINDOWS\SYSTEM32\cryptsp.dll
0x00007ffb41e30000 - 0x00007ffb41e63000 	C:\WINDOWS\system32\rsaenh.dll
0x00007ffb42330000 - 0x00007ffb4233b000 	C:\WINDOWS\SYSTEM32\CRYPTBASE.dll
0x00007ffb2f9f0000 - 0x00007ffb2fa36000 	C:\WINDOWS\system32\dataexchange.dll
0x00007ffb3aa50000 - 0x00007ffb3af95000 	C:\WINDOWS\system32\d2d1.dll
0x00007ffb3ff70000 - 0x00007ffb40213000 	C:\WINDOWS\system32\d3d11.dll
0x00007ffb40b90000 - 0x00007ffb40c61000 	C:\WINDOWS\system32\dcomp.dll
0x00007ffb3fde0000 - 0x00007ffb3fe7c000 	C:\WINDOWS\system32\dxgi.dll
0x00007ffb412d0000 - 0x00007ffb413be000 	C:\WINDOWS\system32\twinapi.appcore.dll
0x00007ffb41f20000 - 0x00007ffb41f3f000 	C:\WINDOWS\system32\USERENV.dll
0x00007ffb3fb40000 - 0x00007ffb3fb78000 	C:\WINDOWS\SYSTEM32\IPHLPAPI.DLL
0x00007ffb3fa20000 - 0x00007ffb3fa2b000 	C:\WINDOWS\SYSTEM32\WINNSI.DLL
0x00007ffb3b9d0000 - 0x00007ffb3b9e6000 	C:\WINDOWS\SYSTEM32\dhcpcsvc6.DLL
0x00007ffb3b9b0000 - 0x00007ffb3b9ca000 	C:\WINDOWS\SYSTEM32\dhcpcsvc.DLL
0x0000000032150000 - 0x0000000032187000 	C:\Users\matthew\AppData\Local\Temp\jna3594358298567906868.dll
0x00007ffb23c20000 - 0x00007ffb23fff000 	C:\WINDOWS\SYSTEM32\edk.dll
0x00007ffb431a0000 - 0x00007ffb43361000 	C:\WINDOWS\system32\CRYPT32.dll
0x00007ffb42960000 - 0x00007ffb42971000 	C:\WINDOWS\system32\MSASN1.dll
0x0000000074660000 - 0x00000000746f8000 	C:\WINDOWS\SYSTEM32\MSVCP100.dll
0x00007ffb41960000 - 0x00007ffb4196c000 	C:\WINDOWS\SYSTEM32\HID.DLL
0x00007ffb2b660000 - 0x00007ffb2b6c1000 	C:\Program Files\Intel\iCLS Client\SSLEAY32.dll
0x00007ffb25160000 - 0x00007ffb252f1000 	C:\Program Files\Intel\iCLS Client\LIBEAY32.dll
0x00007ffb43370000 - 0x00007ffb433c4000 	C:\WINDOWS\system32\WINTRUST.dll
0x00007ffb239d0000 - 0x00007ffb23b5a000 	C:\WINDOWS\SYSTEM32\dbghelp.dll

VM Arguments:
jvm_args: -Dfile.encoding=Cp1252 
java_command: Main
java_class_path (initial): C:\Users\matthew\Projects\neurological-pattern-research\PatternResearch\bin;C:\Users\matthew\Projects\neurological-pattern-research\lib\jna.jar;C:\Users\matthew\Projects\neurological-pattern-research\lib\neuroph-core-2.9.jar
Launcher Type: SUN_STANDARD

Environment Variables:
PATH=C:/Program Files/Java/jre1.8.0_60/bin/server;C:/Program Files/Java/jre1.8.0_60/bin;C:/Program Files/Java/jre1.8.0_60/lib/amd64;C:\ProgramData\Oracle\Java\javapath;C:\Program Files\Broadcom\Broadcom 802.11 Network Adapter;C:\Program Files (x86)\Intel\iCLS Client\;C:\Program Files\Intel\iCLS Client\;C:\WINDOWS\system32;C:\WINDOWS;C:\WINDOWS\System32\Wbem;C:\WINDOWS\System32\WindowsPowerShell\v1.0\;C:\Program Files\Intel\Intel(R) Management Engine Components\DAL;C:\Program Files (x86)\Intel\Intel(R) Management Engine Components\DAL;C:\Program Files\Intel\Intel(R) Management Engine Components\IPT;C:\Program Files (x86)\Intel\Intel(R) Management Engine Components\IPT;C:\Program Files\WIDCOMM\Bluetooth Software\;C:\Program Files\WIDCOMM\Bluetooth Software\syswow64;C:\Program Files (x86)\NVIDIA Corporation\PhysX\Common;C:\WINDOWS\system32;C:\WINDOWS;C:\WINDOWS\System32\Wbem;C:\WINDOWS\System32\WindowsPowerShell\v1.0\;C:\Program Files (x86)\Skype\Phone\;C:\WINDOWS\system32\config\systemprofile\.dnx\bin;C:\Program Files\Microsoft DNX\Dnvm\;C:\Program Files\Microsoft SQL Server\120\Tools\Binn\;C:\Program Files (x86)\Windows Kits\10\Windows Performance Toolkit\;C:\Program Files (x86)\nodejs\;C:\Users\matthew\AppData\Roaming\npm;C:\Users\matthew\Desktop;
USERNAME=matthew
OS=Windows_NT
PROCESSOR_IDENTIFIER=Intel64 Family 6 Model 63 Stepping 2, GenuineIntel



---------------  S Y S T E M  ---------------

OS: Windows 10.0 , 64 bit Build 10240 (10.0.10240.16384)

CPU:total 16 (8 cores per cpu, 2 threads per core) family 6 model 63 stepping 2, cmov, cx8, fxsr, mmx, sse, sse2, sse3, ssse3, sse4.1, sse4.2, popcnt, avx, avx2, aes, clmul, erms, lzcnt, ht, tsc, tscinvbit, bmi1, bmi2

Memory: 4k page, physical 33450920k(28420104k free), swap 38431656k(31618912k free)

vm_info: Java HotSpot(TM) 64-Bit Server VM (25.60-b23) for windows-amd64 JRE (1.8.0_60-b27), built on Aug  4 2015 11:06:27 by "java_re" with MS VC++ 10.0 (VS2010)

time: Mon Sep 28 14:44:29 2015
elapsed time: 13 seconds (0d 0h 0m 13s)

