#
# A fatal error has been detected by the Java Runtime Environment:
#
#  EXCEPTION_ACCESS_VIOLATION (0xc0000005) at pc=0x000000007394d087, pid=9176, tid=4608
#
# JRE version: Java(TM) SE Runtime Environment (8.0_60-b27) (build 1.8.0_60-b27)
# Java VM: Java HotSpot(TM) 64-Bit Server VM (25.60-b23 mixed mode windows-amd64 compressed oops)
# Problematic frame:
# V  [jvm.dll+0x13d087]
#
# Failed to write core dump. Minidumps are not enabled by default on client versions of Windows
#
# If you would like to submit a bug report, please visit:
#   http://bugreport.java.com/bugreport/crash.jsp
#

---------------  T H R E A D  ---------------

Current thread (0x0000000030667800):  JavaThread "Timer-0" [_thread_in_vm, id=4608, stack(0x00000000324d0000,0x00000000325d0000)]

siginfo: ExceptionCode=0xc0000005, reading address 0x0000000000000000

Registers:
RAX=0x0000000000000000, RBX=0x0000000030667800, RCX=0x0000000000000780, RDX=0x000000002a321530
RSP=0x00000000325cefc0, RBP=0x0000000000000000, RSI=0x000000002a321530, RDI=0x0000000000000001
R8 =0x0000000000000000, R9 =0x000000071c823440, R10=0x0000000000000054, R11=0x0000000074011258
R12=0x0000000000000000, R13=0x0000000718593f70, R14=0x00000000e30b99b1, R15=0x0000000030667800
RIP=0x000000007394d087, EFLAGS=0x0000000000010206

Top of Stack: (sp=0x00000000325cefc0)
0x00000000325cefc0:   0000fa192f47d927 0000000000000000
0x00000000325cefd0:   0000000000000000 0000000000000000
0x00000000325cefe0:   0000000000000000 0000000031ee1419
0x00000000325ceff0:   0000000715d80010 00000000325cf070
0x00000000325cf000:   0000000000000000 0000000715d80010
0x00000000325cf010:   0000000000000000 0000000002ac644f
0x00000000325cf020:   00000000f8002264 0000000031ee12c2
0x00000000325cf030:   00000000f8002264 0000000031ee1289
0x00000000325cf040:   0000000715d80010 00000000e2bb3d7e
0x00000000325cf050:   0000000000000000 00000000e2bb3a3e
0x00000000325cf060:   0000000000000000 0000000025038708
0x00000000325cf070:   00000000325cf1b0 0000000030667800
0x00000000325cf080:   00000000306f3c20 00000000ffffffff
0x00000000325cf090:   00000000325cf040 0000000000000000
0x00000000325cf0a0:   0000000000000000 0000000000000000
0x00000000325cf0b0:   00000000325cf030 00000000325cf1b0 

Instructions: (pc=0x000000007394d087)
0x000000007394d067:   00 00 00 30 74 08 48 8b cb e8 0b 28 10 00 c7 83
0x000000007394d077:   70 02 00 00 06 00 00 00 40 b7 01 48 85 f6 74 60
0x000000007394d087:   48 8b 4d 00 40 32 ff e8 9d a5 f2 ff 48 8b d0 48
0x000000007394d097:   85 c0 74 4c 40 38 3d cf 31 6c 00 4c 8b 06 74 16 


Register to memory mapping:

RAX=0x0000000000000000 is an unknown value
RBX=0x0000000030667800 is a thread
RCX=0x0000000000000780 is an unknown value
RDX=0x000000002a321530 is an unknown value
RSP=0x00000000325cefc0 is pointing into the stack for thread: 0x0000000030667800
RBP=0x0000000000000000 is an unknown value
RSI=0x000000002a321530 is an unknown value
RDI=0x0000000000000001 is an unknown value
R8 =0x0000000000000000 is an unknown value
R9 =0x000000071c823440 is an oop
[Ljava.lang.Object; 
 - klass: 'java/lang/Object'[]
 - length: 1
R10=0x0000000000000054 is an unknown value
R11=0x0000000074011258 is an unknown value
R12=0x0000000000000000 is an unknown value
R13=0x0000000718593f70 is an oop
java.lang.reflect.Method 
 - klass: 'java/lang/reflect/Method'
R14=0x00000000e30b99b1 is an unknown value
R15=0x0000000030667800 is a thread


Stack: [0x00000000324d0000,0x00000000325d0000],  sp=0x00000000325cefc0,  free space=1019k
Native frames: (J=compiled Java code, j=interpreted, Vv=VM code, C=native code)

Java frames: (J=compiled Java code, j=interpreted, Vv=VM code)
J 1397  com.sun.jna.Function.invokeInt(I[Ljava/lang/Object;)I (0 bytes) @ 0x0000000002ac644f [0x0000000002ac6400+0x4f]
J 1499 C2 com.sun.jna.Function.invoke([Ljava/lang/Object;Ljava/lang/Class;Z)Ljava/lang/Object; (1125 bytes) @ 0x0000000002b90858 [0x0000000002b906a0+0x1b8]
J 1496 C2 com.sun.jna.Function.invoke(Ljava/lang/Class;[Ljava/lang/Object;Ljava/util/Map;)Ljava/lang/Object; (526 bytes) @ 0x0000000002b94f50 [0x0000000002b94040+0xf10]
J 1461 C2 com.sun.jna.Library$Handler.invoke(Ljava/lang/Object;Ljava/lang/reflect/Method;[Ljava/lang/Object;)Ljava/lang/Object; (345 bytes) @ 0x0000000002b7a850 [0x0000000002b7a380+0x4d0]
J 1542% C2 Main$1.run()V (342 bytes) @ 0x0000000002baa418 [0x0000000002baa100+0x318]
j  java.util.TimerThread.mainLoop()V+221
j  java.util.TimerThread.run()V+1
v  ~StubRoutines::call_stub

---------------  P R O C E S S  ---------------

Java Threads: ( => current thread )
  0x000000002a66e000 JavaThread "Thread-2" [_thread_in_native, id=7936, stack(0x0000000032cd0000,0x0000000032dd0000)]
  0x000000002a7f2000 JavaThread "Thread-0" daemon [_thread_in_native, id=4052, stack(0x00000000321d0000,0x00000000322d0000)]
=>0x0000000030667800 JavaThread "Timer-0" [_thread_in_vm, id=4608, stack(0x00000000324d0000,0x00000000325d0000)]
  0x0000000030897000 JavaThread "TimerQueue" daemon [_thread_blocked, id=9692, stack(0x0000000031be0000,0x0000000031ce0000)]
  0x00000000023c2800 JavaThread "DestroyJavaVM" [_thread_blocked, id=8872, stack(0x00000000022c0000,0x00000000023c0000)]
  0x000000002a2b9000 JavaThread "AWT-EventQueue-0" [_thread_blocked, id=3936, stack(0x000000002fd00000,0x000000002fe00000)]
  0x000000002a241800 JavaThread "AWT-Windows" daemon [_thread_in_native, id=11088, stack(0x000000002aab0000,0x000000002abb0000)]
  0x000000002a240800 JavaThread "AWT-Shutdown" [_thread_blocked, id=10004, stack(0x000000002a9b0000,0x000000002aab0000)]
  0x000000002a23e000 JavaThread "Java2D Disposer" daemon [_thread_blocked, id=13212, stack(0x000000002a8b0000,0x000000002a9b0000)]
  0x000000002757b800 JavaThread "Service Thread" daemon [_thread_blocked, id=8788, stack(0x0000000029dd0000,0x0000000029ed0000)]
  0x0000000027507000 JavaThread "C1 CompilerThread11" daemon [_thread_blocked, id=12820, stack(0x0000000029cd0000,0x0000000029dd0000)]
  0x0000000027506800 JavaThread "C1 CompilerThread10" daemon [_thread_blocked, id=10040, stack(0x0000000029bd0000,0x0000000029cd0000)]
  0x0000000027505800 JavaThread "C1 CompilerThread9" daemon [_thread_blocked, id=10684, stack(0x0000000029ad0000,0x0000000029bd0000)]
  0x0000000027505000 JavaThread "C1 CompilerThread8" daemon [_thread_blocked, id=4240, stack(0x00000000298d0000,0x00000000299d0000)]
  0x00000000274ed800 JavaThread "C2 CompilerThread7" daemon [_thread_blocked, id=3528, stack(0x00000000297d0000,0x00000000298d0000)]
  0x00000000274dc000 JavaThread "C2 CompilerThread6" daemon [_thread_blocked, id=9588, stack(0x00000000296d0000,0x00000000297d0000)]
  0x00000000274b3800 JavaThread "C2 CompilerThread5" daemon [_thread_blocked, id=4496, stack(0x00000000295d0000,0x00000000296d0000)]
  0x00000000274a3800 JavaThread "C2 CompilerThread4" daemon [_thread_blocked, id=1988, stack(0x00000000294d0000,0x00000000295d0000)]
  0x0000000027491800 JavaThread "C2 CompilerThread3" daemon [_thread_blocked, id=1908, stack(0x00000000293d0000,0x00000000294d0000)]
  0x000000002748a800 JavaThread "C2 CompilerThread2" daemon [_thread_blocked, id=5292, stack(0x00000000292d0000,0x00000000293d0000)]
  0x000000002748a000 JavaThread "C2 CompilerThread1" daemon [_thread_blocked, id=9996, stack(0x00000000291d0000,0x00000000292d0000)]
  0x0000000027486800 JavaThread "C2 CompilerThread0" daemon [_thread_blocked, id=1904, stack(0x00000000290d0000,0x00000000291d0000)]
  0x0000000027486000 JavaThread "Attach Listener" daemon [_thread_blocked, id=4620, stack(0x0000000028fd0000,0x00000000290d0000)]
  0x0000000027481000 JavaThread "Signal Dispatcher" daemon [_thread_blocked, id=1960, stack(0x0000000028ed0000,0x0000000028fd0000)]
  0x00000000259fe800 JavaThread "Finalizer" daemon [_thread_blocked, id=6500, stack(0x0000000028cf0000,0x0000000028df0000)]
  0x0000000027455000 JavaThread "Reference Handler" daemon [_thread_blocked, id=12932, stack(0x0000000028bf0000,0x0000000028cf0000)]

Other Threads:
  0x0000000027451800 VMThread [stack: 0x0000000028af0000,0x0000000028bf0000] [id=3780]
  0x00000000275f1000 WatcherThread [stack: 0x0000000029ed0000,0x0000000029fd0000] [id=5008]

VM state:not at safepoint (normal execution)

VM Mutex/Monitor currently owned by a thread: None

Heap:
 PSYoungGen      total 153088K, used 115796K [0x0000000715d80000, 0x0000000720800000, 0x00000007c0000000)
  eden space 131584K, 88% used [0x0000000715d80000,0x000000071ce950c8,0x000000071de00000)
  from space 21504K, 0% used [0x000000071f300000,0x000000071f300000,0x0000000720800000)
  to   space 21504K, 0% used [0x000000071de00000,0x000000071de00000,0x000000071f300000)
 ParOldGen       total 349696K, used 0K [0x00000005c1800000, 0x00000005d6d80000, 0x0000000715d80000)
  object space 349696K, 0% used [0x00000005c1800000,0x00000005c1800000,0x00000005d6d80000)
 Metaspace       used 12573K, capacity 12750K, committed 12928K, reserved 1060864K
  class space    used 1570K, capacity 1643K, committed 1664K, reserved 1048576K

Card table byte_map: [0x0000000011880000,0x0000000012880000] byte_map_base: 0x000000000ea74000

Marking Bits: (ParMarkBitMap*) 0x000000007401a5b0
 Begin Bits: [0x0000000014030000, 0x000000001bfd0000)
 End Bits:   [0x000000001bfd0000, 0x0000000023f70000)

Polling page: 0x0000000000450000

CodeCache: size=245760Kb used=7193Kb max_used=7202Kb free=238566Kb
 bounds [0x00000000024c0000, 0x0000000002bd0000, 0x00000000114c0000]
 total_blobs=2095 nmethods=1576 adapters=428
 compilation: enabled

Compilation events (10 events):
Event: 19.445 Thread 0x000000002748a000 1574       4       sun.awt.AWTAutoShutdown::isReadyToShutdown (37 bytes)
Event: 19.447 Thread 0x000000002748a000 nmethod 1574 0x0000000002bc64d0 code [0x0000000002bc6620, 0x0000000002bc66d8]
Event: 19.485 Thread 0x0000000027506800 1575   !   3       java.awt.KeyboardFocusManager::retargetFocusEvent (244 bytes)
Event: 19.487 Thread 0x0000000027506800 nmethod 1575 0x0000000002bc67d0 code [0x0000000002bc6c40, 0x0000000002bc9bd8]
Event: 19.501 Thread 0x0000000027486800 1576       4       java.util.ArrayList::get (11 bytes)
Event: 19.502 Thread 0x0000000027486800 nmethod 1576 0x0000000002bcb0d0 code [0x0000000002bcb200, 0x0000000002bcb2b8]
Event: 19.541 Thread 0x00000000274ed800 1577       4       java.lang.Thread::isInterrupted (6 bytes)
Event: 19.542 Thread 0x00000000274ed800 nmethod 1577 0x0000000002bcb3d0 code [0x0000000002bcb520, 0x0000000002bcb5c8]
Event: 19.924 Thread 0x0000000027505000 1578       3       java.lang.StringBuilder::<init> (18 bytes)
Event: 19.925 Thread 0x0000000027505000 nmethod 1578 0x0000000002bc5c90 code [0x0000000002bc5e20, 0x0000000002bc62e8]

GC Heap History (0 events):
No events

Deoptimization events (10 events):
Event: 10.650 Thread 0x000000002a2b9000 Uncommon trap: reason=class_check action=maybe_recompile pc=0x00000000028f69e8 method=java.util.HashMap.putVal(ILjava/lang/Object;Ljava/lang/Object;ZZ)Ljava/lang/Object; @ 253
Event: 10.650 Thread 0x000000002a2b9000 Uncommon trap: reason=class_check action=maybe_recompile pc=0x00000000028e6cec method=java.util.HashMap.putVal(ILjava/lang/Object;Ljava/lang/Object;ZZ)Ljava/lang/Object; @ 253
Event: 11.791 Thread 0x000000002a2b9000 Uncommon trap: reason=unstable_if action=reinterpret pc=0x0000000002a17030 method=java.util.HashMap.getNode(ILjava/lang/Object;)Ljava/util/HashMap$Node; @ 62
Event: 11.792 Thread 0x000000002a2b9000 Uncommon trap: reason=unstable_if action=reinterpret pc=0x000000000292d720 method=java.util.HashMap.getNode(ILjava/lang/Object;)Ljava/util/HashMap$Node; @ 62
Event: 11.960 Thread 0x0000000030667800 Uncommon trap: reason=null_check action=make_not_entrant pc=0x0000000002b34924 method=com.sun.jna.Function.invoke(Ljava/lang/Class;[Ljava/lang/Object;Ljava/util/Map;)Ljava/lang/Object; @ 152
Event: 14.818 Thread 0x000000002a2b9000 Uncommon trap: reason=null_check action=make_not_entrant pc=0x0000000002b2d45c method=com.sun.jna.Library$Handler.invoke(Ljava/lang/Object;Ljava/lang/reflect/Method;[Ljava/lang/Object;)Ljava/lang/Object; @ 129
Event: 14.819 Thread 0x000000002a2b9000 Uncommon trap: reason=unstable_if action=reinterpret pc=0x0000000002aab3a0 method=java.lang.Boolean.equals(Ljava/lang/Object;)Z @ 4
Event: 14.819 Thread 0x000000002a2b9000 Uncommon trap: reason=unstable_if action=reinterpret pc=0x0000000002b3753c method=com.sun.jna.Function.invoke(Ljava/lang/Class;[Ljava/lang/Object;Ljava/util/Map;)Ljava/lang/Object; @ 7
Event: 14.837 Thread 0x000000002a2b9000 Uncommon trap: reason=unstable_if action=reinterpret pc=0x0000000002b24eec method=com.sun.jna.Function.invoke([Ljava/lang/Object;Ljava/lang/Class;Z)Ljava/lang/Object; @ 11
Event: 15.122 Thread 0x0000000030667800 Uncommon trap: reason=unstable_if action=reinterpret pc=0x0000000002b47900 method=Main$1.run()V @ 160

Internal exceptions (10 events):
Event: 0.277 Thread 0x00000000023c2800 Exception <a 'java/io/FileNotFoundException'> (0x0000000717047be8) thrown at [C:\re\workspace\8-2-build-windows-amd64-cygwin\jdk8u60\4407\hotspot\src\share\vm\prims\jni.cpp, line 709]
Event: 0.277 Thread 0x00000000023c2800 Exception <a 'java/io/FileNotFoundException'> (0x0000000717048ee8) thrown at [C:\re\workspace\8-2-build-windows-amd64-cygwin\jdk8u60\4407\hotspot\src\share\vm\prims\jni.cpp, line 709]
Event: 0.277 Thread 0x00000000023c2800 Exception <a 'java/io/FileNotFoundException'> (0x000000071704a1f0) thrown at [C:\re\workspace\8-2-build-windows-amd64-cygwin\jdk8u60\4407\hotspot\src\share\vm\prims\jni.cpp, line 709]
Event: 0.277 Thread 0x00000000023c2800 Exception <a 'java/io/FileNotFoundException'> (0x000000071704b4f0) thrown at [C:\re\workspace\8-2-build-windows-amd64-cygwin\jdk8u60\4407\hotspot\src\share\vm\prims\jni.cpp, line 709]
Event: 0.277 Thread 0x00000000023c2800 Exception <a 'java/io/FileNotFoundException'> (0x000000071704d928) thrown at [C:\re\workspace\8-2-build-windows-amd64-cygwin\jdk8u60\4407\hotspot\src\share\vm\prims\jni.cpp, line 709]
Event: 0.278 Thread 0x00000000023c2800 Exception <a 'java/io/FileNotFoundException'> (0x000000071704ec38) thrown at [C:\re\workspace\8-2-build-windows-amd64-cygwin\jdk8u60\4407\hotspot\src\share\vm\prims\jni.cpp, line 709]
Event: 0.278 Thread 0x00000000023c2800 Exception <a 'java/io/FileNotFoundException'> (0x0000000717050ff8) thrown at [C:\re\workspace\8-2-build-windows-amd64-cygwin\jdk8u60\4407\hotspot\src\share\vm\prims\jni.cpp, line 709]
Event: 3.165 Thread 0x000000002a2b9000 Implicit null exception at 0x000000000290b388 to 0x000000000290dd0d
Event: 10.631 Thread 0x000000002a2b9000 Implicit null exception at 0x00000000028db6bc to 0x00000000028db749
Event: 14.819 Thread 0x000000002a2b9000 Implicit null exception at 0x0000000002b36043 to 0x0000000002b37525

Events (10 events):
Event: 20.094 loading class sun/reflect/UnsafeObjectFieldAccessorImpl
Event: 20.094 loading class sun/reflect/UnsafeObjectFieldAccessorImpl done
Event: 20.094 loading class java/util/Vector$Itr
Event: 20.094 loading class java/util/Vector$Itr done
Event: 20.095 loading class java/lang/ProcessBuilder
Event: 20.095 loading class java/lang/ProcessBuilder done
Event: 20.095 loading class java/lang/ProcessImpl
Event: 20.095 loading class java/lang/Process
Event: 20.095 loading class java/lang/Process done
Event: 20.095 loading class java/lang/ProcessImpl done


Dynamic libraries:
0x00007ff6cb9d0000 - 0x00007ff6cba07000 	C:\Program Files\Java\jre1.8.0_60\bin\javaw.exe
0x00007ffb45ee0000 - 0x00007ffb460a1000 	C:\WINDOWS\SYSTEM32\ntdll.dll
0x00007ffb45be0000 - 0x00007ffb45c8d000 	C:\WINDOWS\system32\KERNEL32.DLL
0x00007ffb433d0000 - 0x00007ffb435ad000 	C:\WINDOWS\system32\KERNELBASE.dll
0x00007ffb45950000 - 0x00007ffb459f6000 	C:\WINDOWS\system32\ADVAPI32.dll
0x00007ffb44c00000 - 0x00007ffb44c9d000 	C:\WINDOWS\system32\msvcrt.dll
0x00007ffb45320000 - 0x00007ffb4537b000 	C:\WINDOWS\system32\sechost.dll
0x00007ffb45ab0000 - 0x00007ffb45bd6000 	C:\WINDOWS\system32\RPCRT4.dll
0x00007ffb45780000 - 0x00007ffb458ce000 	C:\WINDOWS\system32\USER32.dll
0x00007ffb45380000 - 0x00007ffb45506000 	C:\WINDOWS\system32\GDI32.dll
0x00007ffb3d3f0000 - 0x00007ffb3d664000 	C:\WINDOWS\WinSxS\amd64_microsoft.windows.common-controls_6595b64144ccf1df_6.0.10240.16384_none_f41f7b285750ef43\COMCTL32.dll
0x00007ffb45a70000 - 0x00007ffb45aa6000 	C:\WINDOWS\system32\IMM32.DLL
0x00007ffb45620000 - 0x00007ffb4577c000 	C:\WINDOWS\system32\MSCTF.dll
0x0000000073660000 - 0x0000000073732000 	C:\Program Files\Java\jre1.8.0_60\bin\msvcr100.dll
0x0000000073810000 - 0x0000000074099000 	C:\Program Files\Java\jre1.8.0_60\bin\server\jvm.dll
0x00007ffb458d0000 - 0x00007ffb458d8000 	C:\WINDOWS\system32\PSAPI.DLL
0x00007ffb40470000 - 0x00007ffb40479000 	C:\WINDOWS\SYSTEM32\WSOCK32.dll
0x00007ffb3f910000 - 0x00007ffb3f91a000 	C:\WINDOWS\SYSTEM32\VERSION.dll
0x00007ffb40e50000 - 0x00007ffb40e73000 	C:\WINDOWS\SYSTEM32\WINMM.dll
0x00007ffb458e0000 - 0x00007ffb45949000 	C:\WINDOWS\system32\WS2_32.dll
0x00007ffb44ca0000 - 0x00007ffb44ca8000 	C:\WINDOWS\system32\NSI.dll
0x0000000002140000 - 0x000000000216c000 	C:\WINDOWS\SYSTEM32\WINMMBASE.dll
0x00007ffb43090000 - 0x00007ffb430d4000 	C:\WINDOWS\system32\cfgmgr32.dll
0x00007ffb41280000 - 0x00007ffb412a7000 	C:\WINDOWS\SYSTEM32\DEVOBJ.dll
0x0000000073800000 - 0x000000007380f000 	C:\Program Files\Java\jre1.8.0_60\bin\verify.dll
0x00000000737d0000 - 0x00000000737f9000 	C:\Program Files\Java\jre1.8.0_60\bin\java.dll
0x00000000737b0000 - 0x00000000737c6000 	C:\Program Files\Java\jre1.8.0_60\bin\zip.dll
0x00007ffb435b0000 - 0x00007ffb44ad2000 	C:\WINDOWS\system32\SHELL32.dll
0x00007ffb429b0000 - 0x00007ffb42fd9000 	C:\WINDOWS\system32\windows.storage.dll
0x00007ffb44cb0000 - 0x00007ffb44f2c000 	C:\WINDOWS\system32\combase.dll
0x00007ffb44ba0000 - 0x00007ffb44bf1000 	C:\WINDOWS\system32\shlwapi.dll
0x00007ffb42980000 - 0x00007ffb4298f000 	C:\WINDOWS\system32\kernel.appcore.dll
0x00007ffb430e0000 - 0x00007ffb43193000 	C:\WINDOWS\system32\shcore.dll
0x00007ffb42910000 - 0x00007ffb4295a000 	C:\WINDOWS\system32\powrprof.dll
0x00007ffb42990000 - 0x00007ffb429a3000 	C:\WINDOWS\system32\profapi.dll
0x00000000734c0000 - 0x0000000073658000 	C:\Program Files\Java\jre1.8.0_60\bin\awt.dll
0x00007ffb44ae0000 - 0x00007ffb44b9e000 	C:\WINDOWS\system32\OLEAUT32.dll
0x00007ffb41060000 - 0x00007ffb410d8000 	C:\WINDOWS\system32\apphelp.dll
0x00007ffb41170000 - 0x00007ffb41206000 	C:\WINDOWS\system32\uxtheme.dll
0x00007ffb40410000 - 0x00007ffb40432000 	C:\WINDOWS\system32\dwmapi.dll
0x00007ffb45d90000 - 0x00007ffb45ed1000 	C:\WINDOWS\system32\ole32.dll
0x00007ffb42760000 - 0x00007ffb427cb000 	C:\WINDOWS\SYSTEM32\bcryptPrimitives.dll
0x00007ffb2cdc0000 - 0x00007ffb2cfd0000 	C:\WINDOWS\system32\d3d9.dll
0x00007ffb142a0000 - 0x00007ffb151df000 	C:\WINDOWS\SYSTEM32\nvd3dumx.dll
0x0000000180000000 - 0x00000001801a7000 	C:\WINDOWS\system32\nvspcap64.dll
0x00007ffb44fa0000 - 0x00007ffb45165000 	C:\WINDOWS\system32\SETUPAPI.dll
0x00007ffb3fa50000 - 0x00007ffb3fb26000 	C:\WINDOWS\SYSTEM32\WINHTTP.dll
0x00007ffb3c8e0000 - 0x00007ffb3cc3b000 	C:\WINDOWS\system32\nvapi64.dll
0x00007ffb42560000 - 0x00007ffb4258c000 	C:\WINDOWS\SYSTEM32\SspiCli.dll
0x00007ffb3f210000 - 0x00007ffb3f370000 	C:\Program Files (x86)\NVIDIA Corporation\3D Vision\nvSCPAPI64.dll
0x0000000073470000 - 0x00000000734b7000 	C:\Program Files\Java\jre1.8.0_60\bin\fontmanager.dll
0x0000000073790000 - 0x00000000737aa000 	C:\Program Files\Java\jre1.8.0_60\bin\net.dll
0x00007ffb42180000 - 0x00007ffb421dd000 	C:\WINDOWS\system32\mswsock.dll
0x0000000073770000 - 0x0000000073781000 	C:\Program Files\Java\jre1.8.0_60\bin\nio.dll
0x0000000073420000 - 0x0000000073462000 	C:\Program Files\Java\jre1.8.0_60\bin\t2k.dll
0x00007ffb45510000 - 0x00007ffb455b5000 	C:\WINDOWS\system32\clbcatq.dll
0x00007ffb3bd90000 - 0x00007ffb3bf42000 	C:\WINDOWS\SYSTEM32\WindowsCodecs.dll
0x00007ffb42450000 - 0x00007ffb42478000 	C:\WINDOWS\SYSTEM32\bcrypt.dll
0x00007ffb421e0000 - 0x00007ffb421f7000 	C:\WINDOWS\SYSTEM32\cryptsp.dll
0x00007ffb41e30000 - 0x00007ffb41e63000 	C:\WINDOWS\system32\rsaenh.dll
0x00007ffb42330000 - 0x00007ffb4233b000 	C:\WINDOWS\SYSTEM32\CRYPTBASE.dll
0x00007ffb2f9f0000 - 0x00007ffb2fa36000 	C:\WINDOWS\system32\dataexchange.dll
0x00007ffb3aa50000 - 0x00007ffb3af95000 	C:\WINDOWS\system32\d2d1.dll
0x00007ffb3ff70000 - 0x00007ffb40213000 	C:\WINDOWS\system32\d3d11.dll
0x00007ffb40b90000 - 0x00007ffb40c61000 	C:\WINDOWS\system32\dcomp.dll
0x00007ffb3fde0000 - 0x00007ffb3fe7c000 	C:\WINDOWS\system32\dxgi.dll
0x00007ffb412d0000 - 0x00007ffb413be000 	C:\WINDOWS\system32\twinapi.appcore.dll
0x00007ffb41f20000 - 0x00007ffb41f3f000 	C:\WINDOWS\system32\USERENV.dll
0x00007ffb3fb40000 - 0x00007ffb3fb78000 	C:\WINDOWS\SYSTEM32\IPHLPAPI.DLL
0x00007ffb3fa20000 - 0x00007ffb3fa2b000 	C:\WINDOWS\SYSTEM32\WINNSI.DLL
0x00007ffb3b9d0000 - 0x00007ffb3b9e6000 	C:\WINDOWS\SYSTEM32\dhcpcsvc6.DLL
0x00007ffb3b9b0000 - 0x00007ffb3b9ca000 	C:\WINDOWS\SYSTEM32\dhcpcsvc.DLL
0x0000000031ee0000 - 0x0000000031f17000 	C:\Users\matthew\AppData\Local\Temp\jna7508500897669059076.dll
0x00007ffb25120000 - 0x00007ffb254ff000 	C:\WINDOWS\SYSTEM32\edk.dll
0x00007ffb431a0000 - 0x00007ffb43361000 	C:\WINDOWS\system32\CRYPT32.dll
0x00007ffb42960000 - 0x00007ffb42971000 	C:\WINDOWS\system32\MSASN1.dll
0x0000000074660000 - 0x00000000746f8000 	C:\WINDOWS\SYSTEM32\MSVCP100.dll
0x00007ffb41960000 - 0x00007ffb4196c000 	C:\WINDOWS\SYSTEM32\HID.DLL
0x00007ffb23c30000 - 0x00007ffb23dc1000 	C:\Program Files\Intel\iCLS Client\LIBEAY32.dll
0x00007ffb310b0000 - 0x00007ffb31111000 	C:\Program Files\Intel\iCLS Client\SSLEAY32.dll
0x00007ffb43370000 - 0x00007ffb433c4000 	C:\WINDOWS\system32\WINTRUST.dll
0x00007ffb239d0000 - 0x00007ffb23b5a000 	C:\WINDOWS\SYSTEM32\dbghelp.dll

VM Arguments:
jvm_args: -Dfile.encoding=Cp1252 
java_command: Main
java_class_path (initial): C:\Users\matthew\Projects\neurological-pattern-research\PatternResearch\bin;C:\Users\matthew\Projects\neurological-pattern-research\lib\jna.jar;C:\Users\matthew\Projects\neurological-pattern-research\lib\neuroph-core-2.9.jar
Launcher Type: SUN_STANDARD

Environment Variables:
PATH=C:/Program Files/Java/jre1.8.0_60/bin/server;C:/Program Files/Java/jre1.8.0_60/bin;C:/Program Files/Java/jre1.8.0_60/lib/amd64;C:\ProgramData\Oracle\Java\javapath;C:\Program Files\Broadcom\Broadcom 802.11 Network Adapter;C:\Program Files (x86)\Intel\iCLS Client\;C:\Program Files\Intel\iCLS Client\;C:\WINDOWS\system32;C:\WINDOWS;C:\WINDOWS\System32\Wbem;C:\WINDOWS\System32\WindowsPowerShell\v1.0\;C:\Program Files\Intel\Intel(R) Management Engine Components\DAL;C:\Program Files (x86)\Intel\Intel(R) Management Engine Components\DAL;C:\Program Files\Intel\Intel(R) Management Engine Components\IPT;C:\Program Files (x86)\Intel\Intel(R) Management Engine Components\IPT;C:\Program Files\WIDCOMM\Bluetooth Software\;C:\Program Files\WIDCOMM\Bluetooth Software\syswow64;C:\Program Files (x86)\NVIDIA Corporation\PhysX\Common;C:\WINDOWS\system32;C:\WINDOWS;C:\WINDOWS\System32\Wbem;C:\WINDOWS\System32\WindowsPowerShell\v1.0\;C:\Program Files (x86)\Skype\Phone\;C:\WINDOWS\system32\config\systemprofile\.dnx\bin;C:\Program Files\Microsoft DNX\Dnvm\;C:\Program Files\Microsoft SQL Server\120\Tools\Binn\;C:\Program Files (x86)\Windows Kits\10\Windows Performance Toolkit\;C:\Program Files (x86)\nodejs\;C:\Users\matthew\AppData\Roaming\npm;C:\Users\matthew\Desktop;
USERNAME=matthew
OS=Windows_NT
PROCESSOR_IDENTIFIER=Intel64 Family 6 Model 63 Stepping 2, GenuineIntel



---------------  S Y S T E M  ---------------

OS: Windows 10.0 , 64 bit Build 10240 (10.0.10240.16384)

CPU:total 16 (8 cores per cpu, 2 threads per core) family 6 model 63 stepping 2, cmov, cx8, fxsr, mmx, sse, sse2, sse3, ssse3, sse4.1, sse4.2, popcnt, avx, avx2, aes, clmul, erms, lzcnt, ht, tsc, tscinvbit, bmi1, bmi2

Memory: 4k page, physical 33450920k(28390244k free), swap 38431656k(31649136k free)

vm_info: Java HotSpot(TM) 64-Bit Server VM (25.60-b23) for windows-amd64 JRE (1.8.0_60-b27), built on Aug  4 2015 11:06:27 by "java_re" with MS VC++ 10.0 (VS2010)

time: Mon Sep 28 14:31:15 2015
elapsed time: 20 seconds (0d 0h 0m 20s)

