#
# A fatal error has been detected by the Java Runtime Environment:
#
#  EXCEPTION_ACCESS_VIOLATION (0xc0000005) at pc=0x00007ffb25215e37, pid=184, tid=5776
#
# JRE version: Java(TM) SE Runtime Environment (8.0_60-b27) (build 1.8.0_60-b27)
# Java VM: Java HotSpot(TM) 64-Bit Server VM (25.60-b23 mixed mode windows-amd64 compressed oops)
# Problematic frame:
# C  [edk.dll+0xf5e37]
#
# Failed to write core dump. Minidumps are not enabled by default on client versions of Windows
#
# If you would like to submit a bug report, please visit:
#   http://bugreport.java.com/bugreport/crash.jsp
# The crash happened outside the Java Virtual Machine in native code.
# See problematic frame for where to report the bug.
#

---------------  T H R E A D  ---------------

Current thread (0x000000002a5ab800):  JavaThread "Timer-0" [_thread_in_native, id=5776, stack(0x0000000032990000,0x0000000032a90000)]

siginfo: ExceptionCode=0xc0000005, reading address 0x0000000000000000

Registers:
RAX=0x0000000000000000, RBX=0x000000003214d700, RCX=0x0000000000000000, RDX=0x000000002a5168a0
RSP=0x0000000032a8e780, RBP=0x0000000032a8e810, RSI=0x00000000f8002264, RDI=0x0000000032a8e8f8
R8 =0x000000002a5168a0, R9 =0x00000000322f636a, R10=0x0000000000000038, R11=0x0000000032a8e7d8
R12=0x0000000000000000, R13=0x000000003214d700, R14=0x0000000032a8ebf0, R15=0x000000002a5ab800
RIP=0x00007ffb25215e37, EFLAGS=0x0000000000010202

Top of Stack: (sp=0x0000000032a8e780)
0x0000000032a8e780:   0000000032a8e7e0 0000000032a8e960
0x0000000032a8e790:   0000000000000008 cccccccc00000005
0x0000000032a8e7a0:   000000002a5168a0 00000000322f6381
0x0000000032a8e7b0:   fffffffffffffffe 0000000032a8e868
0x0000000032a8e7c0:   0000000032a8e7a9 00000000322f63b3
0x0000000032a8e7d0:   0000000000000000 000000002a5168a0
0x0000000032a8e7e0:   000000002a5168a0 00000000322f636a
0x0000000032a8e7f0:   0000000032a8e890 000000002a5ab800
0x0000000032a8e800:   0000000032a8ebf8 000000003214d700
0x0000000032a8e810:   0000000032a8e7d0 000000002a5ab9f8
0x0000000032a8e820:   0000000032a8e860 00000000322eedd3
0x0000000032a8e830:   00000000322ee5d0 0000000032a8e868
0x0000000032a8e840:   0000000000000040 000000000000000a
0x0000000032a8e850:   0000000032a8eb20 00007ffb25215e10
0x0000000032a8e860:   cccccccccccccccc 0000000032a8e9a0
0x0000000032a8e870:   0000000032a8eb20 0000000032a8e940 

Instructions: (pc=0x00007ffb25215e37)
0x00007ffb25215e17:   24 08 48 83 ec 48 48 c7 44 24 30 fe ff ff ff 48
0x00007ffb25215e27:   8b 44 24 58 48 89 44 24 20 48 8b 05 51 34 2b 00
0x00007ffb25215e37:   48 8b 00 4c 8b 44 24 20 8b 54 24 50 48 8b 0d 3e
0x00007ffb25215e47:   34 2b 00 ff 90 88 00 00 00 89 44 24 38 8b 44 24 


Register to memory mapping:

RAX=0x0000000000000000 is an unknown value
RBX={method} {0x000000003214d708} 'invokeInt' '(I[Ljava/lang/Object;)I' in 'com/sun/jna/Function'
RCX=0x0000000000000000 is an unknown value
RDX=0x000000002a5168a0 is an unknown value
RSP=0x0000000032a8e780 is pointing into the stack for thread: 0x000000002a5ab800
RBP=0x0000000032a8e810 is pointing into the stack for thread: 0x000000002a5ab800
RSI=0x00000000f8002264 is an unknown value
RDI=0x0000000032a8e8f8 is pointing into the stack for thread: 0x000000002a5ab800
R8 =0x000000002a5168a0 is an unknown value
R9 =0x00000000322f636a is an unknown value
R10=0x0000000000000038 is an unknown value
R11=0x0000000032a8e7d8 is pointing into the stack for thread: 0x000000002a5ab800
R12=0x0000000000000000 is an unknown value
R13={method} {0x000000003214d708} 'invokeInt' '(I[Ljava/lang/Object;)I' in 'com/sun/jna/Function'
R14=0x0000000032a8ebf0 is pointing into the stack for thread: 0x000000002a5ab800
R15=0x000000002a5ab800 is a thread


Stack: [0x0000000032990000,0x0000000032a90000],  sp=0x0000000032a8e780,  free space=1017k
Native frames: (J=compiled Java code, j=interpreted, Vv=VM code, C=native code)
C  [edk.dll+0xf5e37]
C  [jna4789864419608961216.dll+0x163b3]
C  [jna4789864419608961216.dll+0xedd3]
C  [jna4789864419608961216.dll+0x20e5]
C  [jna4789864419608961216.dll+0x2457]
C  0x0000000002895e34

Java frames: (J=compiled Java code, j=interpreted, Vv=VM code)
j  com.sun.jna.Function.invokeInt(I[Ljava/lang/Object;)I+0
j  com.sun.jna.Function.invoke([Ljava/lang/Object;Ljava/lang/Class;Z)Ljava/lang/Object;+315
j  com.sun.jna.Function.invoke(Ljava/lang/Class;[Ljava/lang/Object;Ljava/util/Map;)Ljava/lang/Object;+214
j  com.sun.jna.Library$Handler.invoke(Ljava/lang/Object;Ljava/lang/reflect/Method;[Ljava/lang/Object;)Ljava/lang/Object;+341
j  com.sun.proxy.$Proxy0.EE_DataUpdateHandle(ILcom/sun/jna/Pointer;)I+23
j  Main$1.run()V+184
j  java.util.TimerThread.mainLoop()V+221
j  java.util.TimerThread.run()V+1
v  ~StubRoutines::call_stub

---------------  P R O C E S S  ---------------

Java Threads: ( => current thread )
  0x000000002a8da000 JavaThread "Timer-1" [_thread_blocked, id=8076, stack(0x0000000032690000,0x0000000032790000)]
=>0x000000002a5ab800 JavaThread "Timer-0" [_thread_in_native, id=5776, stack(0x0000000032990000,0x0000000032a90000)]
  0x000000002a6df000 JavaThread "TimerQueue" daemon [_thread_blocked, id=3216, stack(0x0000000031fe0000,0x00000000320e0000)]
  0x000000002a816000 JavaThread "D3D Screen Updater" daemon [_thread_blocked, id=12824, stack(0x00000000307b0000,0x00000000308b0000)]
  0x0000000002772800 JavaThread "DestroyJavaVM" [_thread_blocked, id=3132, stack(0x0000000002660000,0x0000000002760000)]
  0x000000002a64c800 JavaThread "AWT-EventQueue-0" [_thread_blocked, id=3116, stack(0x00000000300b0000,0x00000000301b0000)]
  0x000000002a5bd000 JavaThread "AWT-Windows" daemon [_thread_in_native, id=7120, stack(0x000000002ae80000,0x000000002af80000)]
  0x000000002a5bc800 JavaThread "AWT-Shutdown" [_thread_blocked, id=4612, stack(0x000000002ad80000,0x000000002ae80000)]
  0x000000002a5bc000 JavaThread "Java2D Disposer" daemon [_thread_blocked, id=4268, stack(0x000000002ac80000,0x000000002ad80000)]
  0x0000000027931000 JavaThread "Service Thread" daemon [_thread_blocked, id=2516, stack(0x000000002a1a0000,0x000000002a2a0000)]
  0x0000000027853000 JavaThread "C1 CompilerThread11" daemon [_thread_blocked, id=13176, stack(0x000000002a0a0000,0x000000002a1a0000)]
  0x0000000027852800 JavaThread "C1 CompilerThread10" daemon [_thread_blocked, id=1292, stack(0x0000000029fa0000,0x000000002a0a0000)]
  0x0000000027856000 JavaThread "C1 CompilerThread9" daemon [_thread_blocked, id=1012, stack(0x0000000029ea0000,0x0000000029fa0000)]
  0x0000000027855800 JavaThread "C1 CompilerThread8" daemon [_thread_blocked, id=9180, stack(0x0000000029ca0000,0x0000000029da0000)]
  0x0000000027857800 JavaThread "C2 CompilerThread7" daemon [_thread_blocked, id=1096, stack(0x0000000029ba0000,0x0000000029ca0000)]
  0x0000000027854000 JavaThread "C2 CompilerThread6" daemon [_thread_blocked, id=4180, stack(0x0000000029aa0000,0x0000000029ba0000)]
  0x0000000027851800 JavaThread "C2 CompilerThread5" daemon [_thread_blocked, id=2624, stack(0x00000000299a0000,0x0000000029aa0000)]
  0x0000000027858800 JavaThread "C2 CompilerThread4" daemon [_thread_blocked, id=9552, stack(0x00000000298a0000,0x00000000299a0000)]
  0x0000000027857000 JavaThread "C2 CompilerThread3" daemon [_thread_blocked, id=7736, stack(0x00000000297a0000,0x00000000298a0000)]
  0x000000002784e000 JavaThread "C2 CompilerThread2" daemon [_thread_blocked, id=9880, stack(0x00000000296a0000,0x00000000297a0000)]
  0x000000002784b000 JavaThread "C2 CompilerThread1" daemon [_thread_blocked, id=5824, stack(0x00000000295a0000,0x00000000296a0000)]
  0x0000000027846800 JavaThread "C2 CompilerThread0" daemon [_thread_blocked, id=5032, stack(0x00000000294a0000,0x00000000295a0000)]
  0x0000000027846000 JavaThread "Attach Listener" daemon [_thread_blocked, id=1288, stack(0x00000000293a0000,0x00000000294a0000)]
  0x0000000027841000 JavaThread "Signal Dispatcher" daemon [_thread_blocked, id=5412, stack(0x00000000292a0000,0x00000000293a0000)]
  0x0000000025dbf800 JavaThread "Finalizer" daemon [_thread_blocked, id=5280, stack(0x00000000290b0000,0x00000000291b0000)]
  0x0000000025db5800 JavaThread "Reference Handler" daemon [_thread_blocked, id=4656, stack(0x0000000028fb0000,0x00000000290b0000)]

Other Threads:
  0x0000000027810800 VMThread [stack: 0x0000000028eb0000,0x0000000028fb0000] [id=9432]
  0x0000000027996800 WatcherThread [stack: 0x000000002a2a0000,0x000000002a3a0000] [id=1540]

VM state:not at safepoint (normal execution)

VM Mutex/Monitor currently owned by a thread: None

Heap:
 PSYoungGen      total 153088K, used 47371K [0x0000000715d80000, 0x0000000720800000, 0x00000007c0000000)
  eden space 131584K, 36% used [0x0000000715d80000,0x0000000718bc2dc0,0x000000071de00000)
  from space 21504K, 0% used [0x000000071f300000,0x000000071f300000,0x0000000720800000)
  to   space 21504K, 0% used [0x000000071de00000,0x000000071de00000,0x000000071f300000)
 ParOldGen       total 349696K, used 0K [0x00000005c1800000, 0x00000005d6d80000, 0x0000000715d80000)
  object space 349696K, 0% used [0x00000005c1800000,0x00000005c1800000,0x00000005d6d80000)
 Metaspace       used 12302K, capacity 12494K, committed 12672K, reserved 1060864K
  class space    used 1563K, capacity 1643K, committed 1664K, reserved 1048576K

Card table byte_map: [0x0000000011c40000,0x0000000012c40000] byte_map_base: 0x000000000ee34000

Marking Bits: (ParMarkBitMap*) 0x000000007401a5b0
 Begin Bits: [0x00000000143f0000, 0x000000001c390000)
 End Bits:   [0x000000001c390000, 0x0000000024330000)

Polling page: 0x0000000000940000

CodeCache: size=245760Kb used=6015Kb max_used=6015Kb free=239744Kb
 bounds [0x0000000002880000, 0x0000000002e70000, 0x0000000011880000]
 total_blobs=1856 nmethods=1338 adapters=428
 compilation: enabled

Compilation events (10 events):
Event: 10.069 Thread 0x0000000027855800 1335       3       java.awt.EventQueue::access$600 (4 bytes)
Event: 10.069 Thread 0x0000000027853000 1336       3       java.security.ProtectionDomain$JavaSecurityAccessImpl::doIntersectionPrivilege (10 bytes)
Event: 10.069 Thread 0x0000000027855800 nmethod 1335 0x0000000002e5ef10 code [0x0000000002e5f060, 0x0000000002e5f190]
Event: 10.070 Thread 0x0000000027856000 nmethod 1334 0x0000000002e5f210 code [0x0000000002e5f400, 0x0000000002e5fa38]
Event: 10.070 Thread 0x0000000027852800 nmethod 1333 0x0000000002e5fe10 code [0x0000000002e60000, 0x0000000002e606d8]
Event: 10.070 Thread 0x0000000027853000 nmethod 1336 0x0000000002e60b50 code [0x0000000002e60d60, 0x0000000002e616a8]
Event: 10.519 Thread 0x0000000027855800 1337       3       javax.swing.RepaintManager::currentManager (5 bytes)
Event: 10.519 Thread 0x0000000027855800 nmethod 1337 0x0000000002e61bd0 code [0x0000000002e61d40, 0x0000000002e61f38]
Event: 11.503 Thread 0x0000000027856000 1338       1       java.lang.reflect.Method::getDeclaringClass (5 bytes)
Event: 11.503 Thread 0x0000000027856000 nmethod 1338 0x0000000002e62010 code [0x0000000002e62160, 0x0000000002e62270]

GC Heap History (0 events):
No events

Deoptimization events (10 events):
Event: 6.352 Thread 0x000000002a64c800 Uncommon trap: reason=class_check action=maybe_recompile pc=0x0000000002d90ca0 method=java.util.HashSet.add(Ljava/lang/Object;)Z @ 8
Event: 6.352 Thread 0x000000002a64c800 Uncommon trap: reason=class_check action=maybe_recompile pc=0x0000000002d90ca0 method=java.util.HashSet.add(Ljava/lang/Object;)Z @ 8
Event: 6.352 Thread 0x000000002a64c800 Uncommon trap: reason=class_check action=maybe_recompile pc=0x0000000002cb27e8 method=java.util.HashMap.putVal(ILjava/lang/Object;Ljava/lang/Object;ZZ)Ljava/lang/Object; @ 253
Event: 6.352 Thread 0x000000002a64c800 Uncommon trap: reason=class_check action=maybe_recompile pc=0x0000000002cb27e8 method=java.util.HashMap.putVal(ILjava/lang/Object;Ljava/lang/Object;ZZ)Ljava/lang/Object; @ 253
Event: 6.352 Thread 0x000000002a64c800 Uncommon trap: reason=class_check action=maybe_recompile pc=0x0000000002cb27e8 method=java.util.HashMap.putVal(ILjava/lang/Object;Ljava/lang/Object;ZZ)Ljava/lang/Object; @ 253
Event: 6.352 Thread 0x000000002a64c800 Uncommon trap: reason=class_check action=maybe_recompile pc=0x0000000002cb27e8 method=java.util.HashMap.putVal(ILjava/lang/Object;Ljava/lang/Object;ZZ)Ljava/lang/Object; @ 253
Event: 6.352 Thread 0x000000002a64c800 Uncommon trap: reason=class_check action=maybe_recompile pc=0x0000000002cb07ec method=java.util.HashMap.putVal(ILjava/lang/Object;Ljava/lang/Object;ZZ)Ljava/lang/Object; @ 253
Event: 7.479 Thread 0x000000002a64c800 Uncommon trap: reason=unstable_if action=reinterpret pc=0x0000000002dd7230 method=java.util.HashMap.getNode(ILjava/lang/Object;)Ljava/util/HashMap$Node; @ 62
Event: 7.479 Thread 0x000000002a64c800 Uncommon trap: reason=unstable_if action=reinterpret pc=0x0000000002dad718 method=java.util.HashMap.putVal(ILjava/lang/Object;Ljava/lang/Object;ZZ)Ljava/lang/Object; @ 94
Event: 7.479 Thread 0x000000002a64c800 Uncommon trap: reason=unstable_if action=reinterpret pc=0x0000000002ceab94 method=java.util.HashMap.getNode(ILjava/lang/Object;)Ljava/util/HashMap$Node; @ 62

Internal exceptions (10 events):
Event: 0.275 Thread 0x0000000002772800 Exception <a 'java/io/FileNotFoundException'> (0x0000000716db5960) thrown at [C:\re\workspace\8-2-build-windows-amd64-cygwin\jdk8u60\4407\hotspot\src\share\vm\prims\jni.cpp, line 709]
Event: 0.275 Thread 0x0000000002772800 Exception <a 'java/io/FileNotFoundException'> (0x0000000716db6c60) thrown at [C:\re\workspace\8-2-build-windows-amd64-cygwin\jdk8u60\4407\hotspot\src\share\vm\prims\jni.cpp, line 709]
Event: 0.275 Thread 0x0000000002772800 Exception <a 'java/io/FileNotFoundException'> (0x0000000716db7f68) thrown at [C:\re\workspace\8-2-build-windows-amd64-cygwin\jdk8u60\4407\hotspot\src\share\vm\prims\jni.cpp, line 709]
Event: 0.275 Thread 0x0000000002772800 Exception <a 'java/io/FileNotFoundException'> (0x0000000716db9268) thrown at [C:\re\workspace\8-2-build-windows-amd64-cygwin\jdk8u60\4407\hotspot\src\share\vm\prims\jni.cpp, line 709]
Event: 0.275 Thread 0x0000000002772800 Exception <a 'java/io/FileNotFoundException'> (0x0000000716dbb6a0) thrown at [C:\re\workspace\8-2-build-windows-amd64-cygwin\jdk8u60\4407\hotspot\src\share\vm\prims\jni.cpp, line 709]
Event: 0.275 Thread 0x0000000002772800 Exception <a 'java/io/FileNotFoundException'> (0x0000000716dbc9b0) thrown at [C:\re\workspace\8-2-build-windows-amd64-cygwin\jdk8u60\4407\hotspot\src\share\vm\prims\jni.cpp, line 709]
Event: 0.276 Thread 0x0000000002772800 Exception <a 'java/io/FileNotFoundException'> (0x0000000716dbed70) thrown at [C:\re\workspace\8-2-build-windows-amd64-cygwin\jdk8u60\4407\hotspot\src\share\vm\prims\jni.cpp, line 709]
Event: 1.452 Thread 0x000000002a64c800 Implicit null exception at 0x0000000002ccbcd8 to 0x0000000002cce751
Event: 6.333 Thread 0x000000002a64c800 Implicit null exception at 0x0000000002ca0b3c to 0x0000000002ca0bc9
Event: 6.346 Thread 0x000000002a64c800 Implicit null exception at 0x0000000002ca27f4 to 0x0000000002ca2869

Events (10 events):
Event: 7.520 Executing VM operation: RevokeBias
Event: 7.520 Executing VM operation: RevokeBias done
Event: 7.521 Executing VM operation: RevokeBias
Event: 7.521 Executing VM operation: RevokeBias done
Event: 7.529 Executing VM operation: RevokeBias
Event: 7.529 Executing VM operation: RevokeBias done
Event: 7.529 Executing VM operation: RevokeBias
Event: 7.529 Executing VM operation: RevokeBias done
Event: 7.539 Executing VM operation: RevokeBias
Event: 7.539 Executing VM operation: RevokeBias done


Dynamic libraries:
0x00007ff6cb9d0000 - 0x00007ff6cba07000 	C:\Program Files\Java\jre1.8.0_60\bin\javaw.exe
0x00007ffb45ee0000 - 0x00007ffb460a1000 	C:\WINDOWS\SYSTEM32\ntdll.dll
0x00007ffb45be0000 - 0x00007ffb45c8d000 	C:\WINDOWS\system32\KERNEL32.DLL
0x00007ffb433d0000 - 0x00007ffb435ad000 	C:\WINDOWS\system32\KERNELBASE.dll
0x00007ffb45950000 - 0x00007ffb459f6000 	C:\WINDOWS\system32\ADVAPI32.dll
0x00007ffb44c00000 - 0x00007ffb44c9d000 	C:\WINDOWS\system32\msvcrt.dll
0x00007ffb45320000 - 0x00007ffb4537b000 	C:\WINDOWS\system32\sechost.dll
0x00007ffb45ab0000 - 0x00007ffb45bd6000 	C:\WINDOWS\system32\RPCRT4.dll
0x00007ffb45780000 - 0x00007ffb458ce000 	C:\WINDOWS\system32\USER32.dll
0x00007ffb45380000 - 0x00007ffb45506000 	C:\WINDOWS\system32\GDI32.dll
0x00007ffb3d3f0000 - 0x00007ffb3d664000 	C:\WINDOWS\WinSxS\amd64_microsoft.windows.common-controls_6595b64144ccf1df_6.0.10240.16384_none_f41f7b285750ef43\COMCTL32.dll
0x00007ffb45a70000 - 0x00007ffb45aa6000 	C:\WINDOWS\system32\IMM32.DLL
0x00007ffb45620000 - 0x00007ffb4577c000 	C:\WINDOWS\system32\MSCTF.dll
0x0000000073660000 - 0x0000000073732000 	C:\Program Files\Java\jre1.8.0_60\bin\msvcr100.dll
0x0000000073810000 - 0x0000000074099000 	C:\Program Files\Java\jre1.8.0_60\bin\server\jvm.dll
0x00007ffb458d0000 - 0x00007ffb458d8000 	C:\WINDOWS\system32\PSAPI.DLL
0x00007ffb40470000 - 0x00007ffb40479000 	C:\WINDOWS\SYSTEM32\WSOCK32.dll
0x00007ffb40e50000 - 0x00007ffb40e73000 	C:\WINDOWS\SYSTEM32\WINMM.dll
0x00007ffb3f910000 - 0x00007ffb3f91a000 	C:\WINDOWS\SYSTEM32\VERSION.dll
0x00007ffb458e0000 - 0x00007ffb45949000 	C:\WINDOWS\system32\WS2_32.dll
0x00007ffb44ca0000 - 0x00007ffb44ca8000 	C:\WINDOWS\system32\NSI.dll
0x00007ffb40b60000 - 0x00007ffb40b8c000 	C:\WINDOWS\SYSTEM32\WINMMBASE.dll
0x00007ffb43090000 - 0x00007ffb430d4000 	C:\WINDOWS\system32\cfgmgr32.dll
0x00007ffb41280000 - 0x00007ffb412a7000 	C:\WINDOWS\SYSTEM32\DEVOBJ.dll
0x0000000073800000 - 0x000000007380f000 	C:\Program Files\Java\jre1.8.0_60\bin\verify.dll
0x00000000737d0000 - 0x00000000737f9000 	C:\Program Files\Java\jre1.8.0_60\bin\java.dll
0x00000000737b0000 - 0x00000000737c6000 	C:\Program Files\Java\jre1.8.0_60\bin\zip.dll
0x00007ffb435b0000 - 0x00007ffb44ad2000 	C:\WINDOWS\system32\SHELL32.dll
0x00007ffb429b0000 - 0x00007ffb42fd9000 	C:\WINDOWS\system32\windows.storage.dll
0x00007ffb44cb0000 - 0x00007ffb44f2c000 	C:\WINDOWS\system32\combase.dll
0x00007ffb44ba0000 - 0x00007ffb44bf1000 	C:\WINDOWS\system32\shlwapi.dll
0x00007ffb42980000 - 0x00007ffb4298f000 	C:\WINDOWS\system32\kernel.appcore.dll
0x00007ffb430e0000 - 0x00007ffb43193000 	C:\WINDOWS\system32\shcore.dll
0x00007ffb42910000 - 0x00007ffb4295a000 	C:\WINDOWS\system32\powrprof.dll
0x00007ffb42990000 - 0x00007ffb429a3000 	C:\WINDOWS\system32\profapi.dll
0x00000000734c0000 - 0x0000000073658000 	C:\Program Files\Java\jre1.8.0_60\bin\awt.dll
0x00007ffb44ae0000 - 0x00007ffb44b9e000 	C:\WINDOWS\system32\OLEAUT32.dll
0x00007ffb41060000 - 0x00007ffb410d8000 	C:\WINDOWS\system32\apphelp.dll
0x00007ffb41170000 - 0x00007ffb41206000 	C:\WINDOWS\system32\uxtheme.dll
0x00007ffb40410000 - 0x00007ffb40432000 	C:\WINDOWS\system32\dwmapi.dll
0x00007ffb45d90000 - 0x00007ffb45ed1000 	C:\WINDOWS\system32\ole32.dll
0x00007ffb42760000 - 0x00007ffb427cb000 	C:\WINDOWS\SYSTEM32\bcryptPrimitives.dll
0x00007ffb2cdc0000 - 0x00007ffb2cfd0000 	C:\WINDOWS\system32\d3d9.dll
0x00007ffb142a0000 - 0x00007ffb151df000 	C:\WINDOWS\SYSTEM32\nvd3dumx.dll
0x0000000180000000 - 0x00000001801a7000 	C:\WINDOWS\system32\nvspcap64.dll
0x00007ffb44fa0000 - 0x00007ffb45165000 	C:\WINDOWS\system32\SETUPAPI.dll
0x00007ffb3fa50000 - 0x00007ffb3fb26000 	C:\WINDOWS\SYSTEM32\WINHTTP.dll
0x00007ffb3c8e0000 - 0x00007ffb3cc3b000 	C:\WINDOWS\system32\nvapi64.dll
0x00007ffb42560000 - 0x00007ffb4258c000 	C:\WINDOWS\SYSTEM32\SspiCli.dll
0x00007ffb3f210000 - 0x00007ffb3f370000 	C:\Program Files (x86)\NVIDIA Corporation\3D Vision\nvSCPAPI64.dll
0x0000000073470000 - 0x00000000734b7000 	C:\Program Files\Java\jre1.8.0_60\bin\fontmanager.dll
0x0000000073790000 - 0x00000000737aa000 	C:\Program Files\Java\jre1.8.0_60\bin\net.dll
0x00007ffb42180000 - 0x00007ffb421dd000 	C:\WINDOWS\system32\mswsock.dll
0x0000000073770000 - 0x0000000073781000 	C:\Program Files\Java\jre1.8.0_60\bin\nio.dll
0x0000000073420000 - 0x0000000073462000 	C:\Program Files\Java\jre1.8.0_60\bin\t2k.dll
0x00007ffb45510000 - 0x00007ffb455b5000 	C:\WINDOWS\system32\clbcatq.dll
0x00007ffb3bd90000 - 0x00007ffb3bf42000 	C:\WINDOWS\SYSTEM32\WindowsCodecs.dll
0x00007ffb42450000 - 0x00007ffb42478000 	C:\WINDOWS\SYSTEM32\bcrypt.dll
0x00007ffb421e0000 - 0x00007ffb421f7000 	C:\WINDOWS\SYSTEM32\cryptsp.dll
0x00007ffb41e30000 - 0x00007ffb41e63000 	C:\WINDOWS\system32\rsaenh.dll
0x00007ffb42330000 - 0x00007ffb4233b000 	C:\WINDOWS\SYSTEM32\CRYPTBASE.dll
0x00007ffb2f9f0000 - 0x00007ffb2fa36000 	C:\WINDOWS\system32\dataexchange.dll
0x00007ffb3ff70000 - 0x00007ffb40213000 	C:\WINDOWS\system32\d3d11.dll
0x00007ffb3aa50000 - 0x00007ffb3af95000 	C:\WINDOWS\system32\d2d1.dll
0x00007ffb40b90000 - 0x00007ffb40c61000 	C:\WINDOWS\system32\dcomp.dll
0x00007ffb3fde0000 - 0x00007ffb3fe7c000 	C:\WINDOWS\system32\dxgi.dll
0x00007ffb412d0000 - 0x00007ffb413be000 	C:\WINDOWS\system32\twinapi.appcore.dll
0x00007ffb41f20000 - 0x00007ffb41f3f000 	C:\WINDOWS\system32\USERENV.dll
0x00007ffb3fb40000 - 0x00007ffb3fb78000 	C:\WINDOWS\SYSTEM32\IPHLPAPI.DLL
0x00007ffb3fa20000 - 0x00007ffb3fa2b000 	C:\WINDOWS\SYSTEM32\WINNSI.DLL
0x00007ffb3b9d0000 - 0x00007ffb3b9e6000 	C:\WINDOWS\SYSTEM32\dhcpcsvc6.DLL
0x00007ffb3b9b0000 - 0x00007ffb3b9ca000 	C:\WINDOWS\SYSTEM32\dhcpcsvc.DLL
0x00000000322e0000 - 0x0000000032317000 	C:\Users\matthew\AppData\Local\Temp\jna4789864419608961216.dll
0x00007ffb25120000 - 0x00007ffb254ff000 	C:\WINDOWS\SYSTEM32\edk.dll
0x00007ffb431a0000 - 0x00007ffb43361000 	C:\WINDOWS\system32\CRYPT32.dll
0x00007ffb42960000 - 0x00007ffb42971000 	C:\WINDOWS\system32\MSASN1.dll
0x0000000074660000 - 0x00000000746f8000 	C:\WINDOWS\SYSTEM32\MSVCP100.dll
0x00007ffb41960000 - 0x00007ffb4196c000 	C:\WINDOWS\SYSTEM32\HID.DLL
0x00007ffb355b0000 - 0x00007ffb35741000 	C:\Program Files\Intel\iCLS Client\LIBEAY32.dll
0x00007ffb35540000 - 0x00007ffb355a1000 	C:\Program Files\Intel\iCLS Client\SSLEAY32.dll
0x00007ffb43370000 - 0x00007ffb433c4000 	C:\WINDOWS\system32\WINTRUST.dll
0x00007ffb239d0000 - 0x00007ffb23b5a000 	C:\WINDOWS\SYSTEM32\dbghelp.dll

VM Arguments:
jvm_args: -Dfile.encoding=Cp1252 
java_command: Main
java_class_path (initial): C:\Users\matthew\Projects\neurological-pattern-research\PatternResearch\bin;C:\Users\matthew\Projects\neurological-pattern-research\lib\jna.jar;C:\Users\matthew\Projects\neurological-pattern-research\lib\neuroph-core-2.9.jar
Launcher Type: SUN_STANDARD

Environment Variables:
PATH=C:/Program Files/Java/jre1.8.0_60/bin/server;C:/Program Files/Java/jre1.8.0_60/bin;C:/Program Files/Java/jre1.8.0_60/lib/amd64;C:\ProgramData\Oracle\Java\javapath;C:\Program Files\Broadcom\Broadcom 802.11 Network Adapter;C:\Program Files (x86)\Intel\iCLS Client\;C:\Program Files\Intel\iCLS Client\;C:\WINDOWS\system32;C:\WINDOWS;C:\WINDOWS\System32\Wbem;C:\WINDOWS\System32\WindowsPowerShell\v1.0\;C:\Program Files\Intel\Intel(R) Management Engine Components\DAL;C:\Program Files (x86)\Intel\Intel(R) Management Engine Components\DAL;C:\Program Files\Intel\Intel(R) Management Engine Components\IPT;C:\Program Files (x86)\Intel\Intel(R) Management Engine Components\IPT;C:\Program Files\WIDCOMM\Bluetooth Software\;C:\Program Files\WIDCOMM\Bluetooth Software\syswow64;C:\Program Files (x86)\NVIDIA Corporation\PhysX\Common;C:\WINDOWS\system32;C:\WINDOWS;C:\WINDOWS\System32\Wbem;C:\WINDOWS\System32\WindowsPowerShell\v1.0\;C:\Program Files (x86)\Skype\Phone\;C:\WINDOWS\system32\config\systemprofile\.dnx\bin;C:\Program Files\Microsoft DNX\Dnvm\;C:\Program Files\Microsoft SQL Server\120\Tools\Binn\;C:\Program Files (x86)\Windows Kits\10\Windows Performance Toolkit\;C:\Program Files (x86)\nodejs\;C:\Users\matthew\AppData\Roaming\npm;C:\Users\matthew\Desktop;
USERNAME=matthew
OS=Windows_NT
PROCESSOR_IDENTIFIER=Intel64 Family 6 Model 63 Stepping 2, GenuineIntel



---------------  S Y S T E M  ---------------

OS: Windows 10.0 , 64 bit Build 10240 (10.0.10240.16384)

CPU:total 16 (8 cores per cpu, 2 threads per core) family 6 model 63 stepping 2, cmov, cx8, fxsr, mmx, sse, sse2, sse3, ssse3, sse4.1, sse4.2, popcnt, avx, avx2, aes, clmul, erms, lzcnt, ht, tsc, tscinvbit, bmi1, bmi2

Memory: 4k page, physical 33450920k(28498840k free), swap 38431656k(31686032k free)

vm_info: Java HotSpot(TM) 64-Bit Server VM (25.60-b23) for windows-amd64 JRE (1.8.0_60-b27), built on Aug  4 2015 11:06:27 by "java_re" with MS VC++ 10.0 (VS2010)

time: Mon Sep 28 14:19:02 2015
elapsed time: 11 seconds (0d 0h 0m 11s)

