#
# A fatal error has been detected by the Java Runtime Environment:
#
#  EXCEPTION_ACCESS_VIOLATION (0xc0000005) at pc=0x00007ffb25215e37, pid=5320, tid=4400
#
# JRE version: Java(TM) SE Runtime Environment (8.0_60-b27) (build 1.8.0_60-b27)
# Java VM: Java HotSpot(TM) 64-Bit Server VM (25.60-b23 mixed mode windows-amd64 compressed oops)
# Problematic frame:
# C  [edk.dll+0xf5e37]
#
# Failed to write core dump. Minidumps are not enabled by default on client versions of Windows
#
# If you would like to submit a bug report, please visit:
#   http://bugreport.java.com/bugreport/crash.jsp
# The crash happened outside the Java Virtual Machine in native code.
# See problematic frame for where to report the bug.
#

---------------  T H R E A D  ---------------

Current thread (0x0000000028348800):  JavaThread "Timer-0" [_thread_in_native, id=4400, stack(0x00000000331c0000,0x00000000332c0000)]

siginfo: ExceptionCode=0xc0000005, reading address 0x0000000000000000

Registers:
RAX=0x0000000000000000, RBX=0x00000000329cd060, RCX=0x0000000000000000, RDX=0x000000002833a060
RSP=0x00000000332be7a0, RBP=0x00000000332be830, RSI=0x00000007c0064e70, RDI=0x00000000332be918
R8 =0x000000002833a060, R9 =0x0000000032b7636a, R10=0x000000000000002c, R11=0x00000000332be7f8
R12=0x0000000000000000, R13=0x00000000332bec28, R14=0x00000000329e9f10, R15=0x0000000028348800
RIP=0x00007ffb25215e37, EFLAGS=0x0000000000010206

Top of Stack: (sp=0x00000000332be7a0)
0x00000000332be7a0:   00000000332be800 00000000332be980
0x00000000332be7b0:   0000000000000008 cccccccc00000005
0x00000000332be7c0:   000000002833a060 0000000032b76381
0x00000000332be7d0:   fffffffffffffffe 00000000332be888
0x00000000332be7e0:   00000000332be7c9 0000000032b763b3
0x00000000332be7f0:   0000000000000000 000000002833a060
0x00000000332be800:   000000002833a060 0000000032b7636a
0x00000000332be810:   00000000329e9f10 0000000028348800
0x00000000332be820:   00000000329e9f10 00000000332bec38
0x00000000332be830:   00000000332be7f0 00000000283489f8
0x00000000332be840:   00000000332be880 0000000032b6edd3
0x00000000332be850:   0000000032b6e5d0 00000000332be888
0x00000000332be860:   0000000000000040 000000000000000a
0x00000000332be870:   00000000332beb40 00007ffb25215e10
0x00000000332be880:   cccccccccccccccc 00000000332be9c0
0x00000000332be890:   00000000332beb40 00000000332be960 

Instructions: (pc=0x00007ffb25215e37)
0x00007ffb25215e17:   24 08 48 83 ec 48 48 c7 44 24 30 fe ff ff ff 48
0x00007ffb25215e27:   8b 44 24 58 48 89 44 24 20 48 8b 05 51 34 2b 00
0x00007ffb25215e37:   48 8b 00 4c 8b 44 24 20 8b 54 24 50 48 8b 0d 3e
0x00007ffb25215e47:   34 2b 00 ff 90 88 00 00 00 89 44 24 38 8b 44 24 


Register to memory mapping:

RAX=0x0000000000000000 is an unknown value
RBX={method} {0x00000000329cd068} 'invoke' '([Ljava/lang/Object;Ljava/lang/Class;Z)Ljava/lang/Object;' in 'com/sun/jna/Function'
RCX=0x0000000000000000 is an unknown value
RDX=0x000000002833a060 is an unknown value
RSP=0x00000000332be7a0 is pointing into the stack for thread: 0x0000000028348800
RBP=0x00000000332be830 is pointing into the stack for thread: 0x0000000028348800
RSI=0x00000007c0064e70 is pointing into metadata
RDI=0x00000000332be918 is pointing into the stack for thread: 0x0000000028348800
R8 =0x000000002833a060 is an unknown value
R9 =0x0000000032b7636a is an unknown value
R10=0x000000000000002c is an unknown value
R11=0x00000000332be7f8 is pointing into the stack for thread: 0x0000000028348800
R12=0x0000000000000000 is an unknown value
R13=0x00000000332bec28 is pointing into the stack for thread: 0x0000000028348800
R14=0x00000000329e9f10 is pointing into metadata
R15=0x0000000028348800 is a thread


Stack: [0x00000000331c0000,0x00000000332c0000],  sp=0x00000000332be7a0,  free space=1017k
Native frames: (J=compiled Java code, j=interpreted, Vv=VM code, C=native code)
C  [edk.dll+0xf5e37]
C  [jna5383633851072625845.dll+0x163b3]
C  [jna5383633851072625845.dll+0xedd3]
C  [jna5383633851072625845.dll+0x20e5]
C  [jna5383633851072625845.dll+0x2457]
C  0x000000000371774d

Java frames: (J=compiled Java code, j=interpreted, Vv=VM code)
J 1337  com.sun.jna.Function.invokeInt(I[Ljava/lang/Object;)I (0 bytes) @ 0x00000000037176cf [0x0000000003717680+0x4f]
J 1379 C2 com.sun.jna.Function.invoke([Ljava/lang/Object;Ljava/lang/Class;Z)Ljava/lang/Object; (1125 bytes) @ 0x0000000003768948 [0x00000000037687a0+0x1a8]
j  com.sun.jna.Function.invoke(Ljava/lang/Class;[Ljava/lang/Object;Ljava/util/Map;)Ljava/lang/Object;+214
J 1381 C2 com.sun.jna.Library$Handler.invoke(Ljava/lang/Object;Ljava/lang/reflect/Method;[Ljava/lang/Object;)Ljava/lang/Object; (345 bytes) @ 0x000000000378e12c [0x000000000378dca0+0x48c]
J 1408 C2 com.sun.proxy.$Proxy0.EE_DataUpdateHandle(ILcom/sun/jna/Pointer;)I (46 bytes) @ 0x0000000003793914 [0x00000000037937e0+0x134]
j  Main$1.run()V+192
j  java.util.TimerThread.mainLoop()V+221
j  java.util.TimerThread.run()V+1
v  ~StubRoutines::call_stub

---------------  P R O C E S S  ---------------

Java Threads: ( => current thread )
  0x00000000315c6800 JavaThread "Timer-1" [_thread_blocked, id=10644, stack(0x0000000032ec0000,0x0000000032fc0000)]
=>0x0000000028348800 JavaThread "Timer-0" [_thread_in_native, id=4400, stack(0x00000000331c0000,0x00000000332c0000)]
  0x000000002b09d800 JavaThread "TimerQueue" daemon [_thread_blocked, id=3100, stack(0x0000000032860000,0x0000000032960000)]
  0x000000002b028800 JavaThread "D3D Screen Updater" daemon [_thread_blocked, id=5788, stack(0x0000000031080000,0x0000000031180000)]
  0x0000000003052800 JavaThread "DestroyJavaVM" [_thread_blocked, id=9080, stack(0x0000000002f50000,0x0000000003050000)]
  0x000000002af37000 JavaThread "AWT-EventQueue-0" [_thread_in_native, id=5424, stack(0x0000000030990000,0x0000000030a90000)]
  0x000000002af04800 JavaThread "AWT-Windows" daemon [_thread_in_native, id=7468, stack(0x000000002b750000,0x000000002b850000)]
  0x000000002aeb4000 JavaThread "AWT-Shutdown" [_thread_blocked, id=5288, stack(0x000000002b650000,0x000000002b750000)]
  0x000000002aeb3800 JavaThread "Java2D Disposer" daemon [_thread_blocked, id=9476, stack(0x000000002b550000,0x000000002b650000)]
  0x000000002822b000 JavaThread "Service Thread" daemon [_thread_blocked, id=3252, stack(0x000000002aa70000,0x000000002ab70000)]
  0x00000000281a4800 JavaThread "C1 CompilerThread11" daemon [_thread_blocked, id=12508, stack(0x000000002a970000,0x000000002aa70000)]
  0x00000000281a2000 JavaThread "C1 CompilerThread10" daemon [_thread_blocked, id=10672, stack(0x000000002a870000,0x000000002a970000)]
  0x00000000281a6000 JavaThread "C1 CompilerThread9" daemon [_thread_blocked, id=1320, stack(0x000000002a770000,0x000000002a870000)]
  0x00000000281a9000 JavaThread "C1 CompilerThread8" daemon [_thread_blocked, id=12400, stack(0x000000002a570000,0x000000002a670000)]
  0x00000000281a5000 JavaThread "C2 CompilerThread7" daemon [_thread_blocked, id=10896, stack(0x000000002a470000,0x000000002a570000)]
  0x0000000028191000 JavaThread "C2 CompilerThread6" daemon [_thread_blocked, id=2924, stack(0x000000002a370000,0x000000002a470000)]
  0x0000000028160000 JavaThread "C2 CompilerThread5" daemon [_thread_in_native, id=11392, stack(0x000000002a270000,0x000000002a370000)]
  0x0000000028151800 JavaThread "C2 CompilerThread4" daemon [_thread_blocked, id=13160, stack(0x000000002a170000,0x000000002a270000)]
  0x0000000028148800 JavaThread "C2 CompilerThread3" daemon [_thread_blocked, id=8896, stack(0x000000002a070000,0x000000002a170000)]
  0x0000000028146000 JavaThread "C2 CompilerThread2" daemon [_thread_blocked, id=5092, stack(0x0000000029f70000,0x000000002a070000)]
  0x0000000028142000 JavaThread "C2 CompilerThread1" daemon [_thread_blocked, id=11776, stack(0x0000000029e70000,0x0000000029f70000)]
  0x000000002813e800 JavaThread "C2 CompilerThread0" daemon [_thread_blocked, id=1204, stack(0x0000000029d70000,0x0000000029e70000)]
  0x0000000028136000 JavaThread "Attach Listener" daemon [_thread_blocked, id=5384, stack(0x0000000029c70000,0x0000000029d70000)]
  0x0000000028131000 JavaThread "Signal Dispatcher" daemon [_thread_blocked, id=7744, stack(0x0000000029b70000,0x0000000029c70000)]
  0x000000002668e000 JavaThread "Finalizer" daemon [_thread_blocked, id=5996, stack(0x0000000029990000,0x0000000029a90000)]
  0x0000000028104800 JavaThread "Reference Handler" daemon [_thread_blocked, id=7488, stack(0x0000000029890000,0x0000000029990000)]

Other Threads:
  0x0000000028101800 VMThread [stack: 0x0000000029790000,0x0000000029890000] [id=2512]
  0x0000000028268800 WatcherThread [stack: 0x000000002ab70000,0x000000002ac70000] [id=11080]

VM state:not at safepoint (normal execution)

VM Mutex/Monitor currently owned by a thread: None

Heap:
 PSYoungGen      total 153088K, used 57898K [0x0000000715d80000, 0x0000000720800000, 0x00000007c0000000)
  eden space 131584K, 44% used [0x0000000715d80000,0x000000071960a9c0,0x000000071de00000)
  from space 21504K, 0% used [0x000000071f300000,0x000000071f300000,0x0000000720800000)
  to   space 21504K, 0% used [0x000000071de00000,0x000000071de00000,0x000000071f300000)
 ParOldGen       total 349696K, used 0K [0x00000005c1800000, 0x00000005d6d80000, 0x0000000715d80000)
  object space 349696K, 0% used [0x00000005c1800000,0x00000005c1800000,0x00000005d6d80000)
 Metaspace       used 12368K, capacity 12558K, committed 12672K, reserved 1060864K
  class space    used 1566K, capacity 1643K, committed 1664K, reserved 1048576K

Card table byte_map: [0x0000000012510000,0x0000000013510000] byte_map_base: 0x000000000f704000

Marking Bits: (ParMarkBitMap*) 0x000000007401a5b0
 Begin Bits: [0x0000000014cc0000, 0x000000001cc60000)
 End Bits:   [0x000000001cc60000, 0x0000000024c00000)

Polling page: 0x0000000001090000

CodeCache: size=245760Kb used=6521Kb max_used=6528Kb free=239238Kb
 bounds [0x0000000003150000, 0x00000000037c0000, 0x0000000012150000]
 total_blobs=1966 nmethods=1447 adapters=428
 compilation: enabled

Compilation events (10 events):
Event: 8.701 Thread 0x0000000028191000 nmethod 1432 0x00000000037a56d0 code [0x00000000037a5820, 0x00000000037a5978]
Event: 8.703 Thread 0x0000000028160000 nmethod 1428 0x00000000037a7990 code [0x00000000037a7b00, 0x00000000037a7e68]
Event: 8.704 Thread 0x0000000028142000 nmethod 1430 0x00000000037a0790 code [0x00000000037a0940, 0x00000000037a0fa0]
Event: 8.707 Thread 0x0000000028146000 nmethod 1431 0x00000000037a9e90 code [0x00000000037aa020, 0x00000000037aa5a8]
Event: 8.824 Thread 0x00000000281a4800 1433       1       javax.swing.Timer::isRepeats (5 bytes)
Event: 8.825 Thread 0x00000000281a9000 1434       1       javax.swing.Timer::getDelay (5 bytes)
Event: 8.825 Thread 0x00000000281a4800 nmethod 1433 0x00000000037943d0 code [0x0000000003794520, 0x0000000003794630]
Event: 8.825 Thread 0x00000000281a9000 nmethod 1434 0x00000000037a04d0 code [0x00000000037a0620, 0x00000000037a0730]
Event: 9.196 Thread 0x00000000281a2000 1436       3       com.sun.jna.Function::invoke (526 bytes)
Event: 9.196 Thread 0x0000000028148800 1437       4       sun.misc.FloatingDecimal$BinaryToASCIIBuffer::getChars (502 bytes)

GC Heap History (0 events):
No events

Deoptimization events (10 events):
Event: 4.995 Thread 0x000000002af37000 Uncommon trap: reason=class_check action=maybe_recompile pc=0x00000000035805e8 method=java.util.HashMap.putVal(ILjava/lang/Object;Ljava/lang/Object;ZZ)Ljava/lang/Object; @ 253
Event: 4.995 Thread 0x000000002af37000 Uncommon trap: reason=class_check action=maybe_recompile pc=0x00000000035805e8 method=java.util.HashMap.putVal(ILjava/lang/Object;Ljava/lang/Object;ZZ)Ljava/lang/Object; @ 253
Event: 4.995 Thread 0x000000002af37000 Uncommon trap: reason=class_check action=maybe_recompile pc=0x00000000035805e8 method=java.util.HashMap.putVal(ILjava/lang/Object;Ljava/lang/Object;ZZ)Ljava/lang/Object; @ 253
Event: 4.995 Thread 0x000000002af37000 Uncommon trap: reason=class_check action=maybe_recompile pc=0x00000000035805e8 method=java.util.HashMap.putVal(ILjava/lang/Object;Ljava/lang/Object;ZZ)Ljava/lang/Object; @ 253
Event: 4.995 Thread 0x000000002af37000 Uncommon trap: reason=class_check action=maybe_recompile pc=0x0000000003585b2c method=java.util.HashMap.putVal(ILjava/lang/Object;Ljava/lang/Object;ZZ)Ljava/lang/Object; @ 253
Event: 6.149 Thread 0x000000002af37000 Uncommon trap: reason=unstable_if action=reinterpret pc=0x000000000368079c method=java.util.HashMap.getNode(ILjava/lang/Object;)Ljava/util/HashMap$Node; @ 62
Event: 6.149 Thread 0x000000002af37000 Uncommon trap: reason=unstable_if action=reinterpret pc=0x0000000003697644 method=java.util.HashMap.putVal(ILjava/lang/Object;Ljava/lang/Object;ZZ)Ljava/lang/Object; @ 94
Event: 6.149 Thread 0x000000002af37000 Uncommon trap: reason=unstable_if action=reinterpret pc=0x00000000035bfe50 method=java.util.HashMap.getNode(ILjava/lang/Object;)Ljava/util/HashMap$Node; @ 62
Event: 6.306 Thread 0x0000000028348800 Uncommon trap: reason=null_check action=make_not_entrant pc=0x000000000378c488 method=com.sun.jna.Function.invoke(Ljava/lang/Class;[Ljava/lang/Object;Ljava/util/Map;)Ljava/lang/Object; @ 152
Event: 9.183 Thread 0x000000002af37000 Uncommon trap: reason=unstable_if action=reinterpret pc=0x00000000037977a4 method=com.sun.jna.Function.invoke(Ljava/lang/Class;[Ljava/lang/Object;Ljava/util/Map;)Ljava/lang/Object; @ 7

Internal exceptions (10 events):
Event: 0.256 Thread 0x0000000003052800 Exception <a 'java/io/FileNotFoundException'> (0x0000000717048f58) thrown at [C:\re\workspace\8-2-build-windows-amd64-cygwin\jdk8u60\4407\hotspot\src\share\vm\prims\jni.cpp, line 709]
Event: 0.256 Thread 0x0000000003052800 Exception <a 'java/io/FileNotFoundException'> (0x000000071704a260) thrown at [C:\re\workspace\8-2-build-windows-amd64-cygwin\jdk8u60\4407\hotspot\src\share\vm\prims\jni.cpp, line 709]
Event: 0.256 Thread 0x0000000003052800 Exception <a 'java/io/FileNotFoundException'> (0x000000071704b560) thrown at [C:\re\workspace\8-2-build-windows-amd64-cygwin\jdk8u60\4407\hotspot\src\share\vm\prims\jni.cpp, line 709]
Event: 0.256 Thread 0x0000000003052800 Exception <a 'java/io/FileNotFoundException'> (0x000000071704d998) thrown at [C:\re\workspace\8-2-build-windows-amd64-cygwin\jdk8u60\4407\hotspot\src\share\vm\prims\jni.cpp, line 709]
Event: 0.256 Thread 0x0000000003052800 Exception <a 'java/io/FileNotFoundException'> (0x000000071704eca8) thrown at [C:\re\workspace\8-2-build-windows-amd64-cygwin\jdk8u60\4407\hotspot\src\share\vm\prims\jni.cpp, line 709]
Event: 0.257 Thread 0x0000000003052800 Exception <a 'java/io/FileNotFoundException'> (0x0000000717051068) thrown at [C:\re\workspace\8-2-build-windows-amd64-cygwin\jdk8u60\4407\hotspot\src\share\vm\prims\jni.cpp, line 709]
Event: 1.271 Thread 0x000000002af37000 Implicit null exception at 0x000000000359e248 to 0x00000000035a0bcd
Event: 4.976 Thread 0x000000002af37000 Implicit null exception at 0x000000000356b67c to 0x000000000356b709
Event: 4.989 Thread 0x000000002af37000 Implicit null exception at 0x0000000003572834 to 0x00000000035728a9
Event: 9.183 Thread 0x000000002af37000 Implicit null exception at 0x0000000003796243 to 0x000000000379778d

Events (10 events):
Event: 6.254 Executing VM operation: RevokeBias
Event: 6.254 Executing VM operation: RevokeBias done
Event: 6.254 Executing VM operation: RevokeBias
Event: 6.254 Executing VM operation: RevokeBias done
Event: 6.306 Thread 0x0000000028348800 Uncommon trap: trap_request=0xfffffff4 fr.pc=0x000000000378c488
Event: 6.306 Thread 0x0000000028348800 DEOPT PACKING pc=0x000000000378c488 sp=0x00000000332bebd0
Event: 6.306 Thread 0x0000000028348800 DEOPT UNPACKING pc=0x000000000319582a sp=0x00000000332beb40 mode 2
Event: 9.183 Thread 0x000000002af37000 Uncommon trap: trap_request=0xffffff65 fr.pc=0x00000000037977a4
Event: 9.183 Thread 0x000000002af37000 DEOPT PACKING pc=0x00000000037977a4 sp=0x0000000030a8cba0
Event: 9.183 Thread 0x000000002af37000 DEOPT UNPACKING pc=0x000000000319582a sp=0x0000000030a8cb18 mode 2


Dynamic libraries:
0x00007ff6cb9d0000 - 0x00007ff6cba07000 	C:\Program Files\Java\jre1.8.0_60\bin\javaw.exe
0x00007ffb45ee0000 - 0x00007ffb460a1000 	C:\WINDOWS\SYSTEM32\ntdll.dll
0x00007ffb45be0000 - 0x00007ffb45c8d000 	C:\WINDOWS\system32\KERNEL32.DLL
0x00007ffb433d0000 - 0x00007ffb435ad000 	C:\WINDOWS\system32\KERNELBASE.dll
0x00007ffb45950000 - 0x00007ffb459f6000 	C:\WINDOWS\system32\ADVAPI32.dll
0x00007ffb44c00000 - 0x00007ffb44c9d000 	C:\WINDOWS\system32\msvcrt.dll
0x00007ffb45320000 - 0x00007ffb4537b000 	C:\WINDOWS\system32\sechost.dll
0x00007ffb45ab0000 - 0x00007ffb45bd6000 	C:\WINDOWS\system32\RPCRT4.dll
0x00007ffb45780000 - 0x00007ffb458ce000 	C:\WINDOWS\system32\USER32.dll
0x00007ffb45380000 - 0x00007ffb45506000 	C:\WINDOWS\system32\GDI32.dll
0x00007ffb3d3f0000 - 0x00007ffb3d664000 	C:\WINDOWS\WinSxS\amd64_microsoft.windows.common-controls_6595b64144ccf1df_6.0.10240.16384_none_f41f7b285750ef43\COMCTL32.dll
0x00007ffb45a70000 - 0x00007ffb45aa6000 	C:\WINDOWS\system32\IMM32.DLL
0x00007ffb45620000 - 0x00007ffb4577c000 	C:\WINDOWS\system32\MSCTF.dll
0x0000000073660000 - 0x0000000073732000 	C:\Program Files\Java\jre1.8.0_60\bin\msvcr100.dll
0x0000000073810000 - 0x0000000074099000 	C:\Program Files\Java\jre1.8.0_60\bin\server\jvm.dll
0x00007ffb458d0000 - 0x00007ffb458d8000 	C:\WINDOWS\system32\PSAPI.DLL
0x00007ffb40470000 - 0x00007ffb40479000 	C:\WINDOWS\SYSTEM32\WSOCK32.dll
0x00007ffb3f910000 - 0x00007ffb3f91a000 	C:\WINDOWS\SYSTEM32\VERSION.dll
0x00007ffb458e0000 - 0x00007ffb45949000 	C:\WINDOWS\system32\WS2_32.dll
0x00007ffb40e50000 - 0x00007ffb40e73000 	C:\WINDOWS\SYSTEM32\WINMM.dll
0x00007ffb44ca0000 - 0x00007ffb44ca8000 	C:\WINDOWS\system32\NSI.dll
0x0000000002d90000 - 0x0000000002dbc000 	C:\WINDOWS\SYSTEM32\WINMMBASE.dll
0x00007ffb43090000 - 0x00007ffb430d4000 	C:\WINDOWS\system32\cfgmgr32.dll
0x00007ffb41280000 - 0x00007ffb412a7000 	C:\WINDOWS\SYSTEM32\DEVOBJ.dll
0x0000000073800000 - 0x000000007380f000 	C:\Program Files\Java\jre1.8.0_60\bin\verify.dll
0x00000000737d0000 - 0x00000000737f9000 	C:\Program Files\Java\jre1.8.0_60\bin\java.dll
0x00000000737b0000 - 0x00000000737c6000 	C:\Program Files\Java\jre1.8.0_60\bin\zip.dll
0x00007ffb435b0000 - 0x00007ffb44ad2000 	C:\WINDOWS\system32\SHELL32.dll
0x00007ffb429b0000 - 0x00007ffb42fd9000 	C:\WINDOWS\system32\windows.storage.dll
0x00007ffb44cb0000 - 0x00007ffb44f2c000 	C:\WINDOWS\system32\combase.dll
0x00007ffb44ba0000 - 0x00007ffb44bf1000 	C:\WINDOWS\system32\shlwapi.dll
0x00007ffb42980000 - 0x00007ffb4298f000 	C:\WINDOWS\system32\kernel.appcore.dll
0x00007ffb430e0000 - 0x00007ffb43193000 	C:\WINDOWS\system32\shcore.dll
0x00007ffb42910000 - 0x00007ffb4295a000 	C:\WINDOWS\system32\powrprof.dll
0x00007ffb42990000 - 0x00007ffb429a3000 	C:\WINDOWS\system32\profapi.dll
0x00000000734c0000 - 0x0000000073658000 	C:\Program Files\Java\jre1.8.0_60\bin\awt.dll
0x00007ffb44ae0000 - 0x00007ffb44b9e000 	C:\WINDOWS\system32\OLEAUT32.dll
0x00007ffb41060000 - 0x00007ffb410d8000 	C:\WINDOWS\system32\apphelp.dll
0x00007ffb41170000 - 0x00007ffb41206000 	C:\WINDOWS\system32\uxtheme.dll
0x00007ffb40410000 - 0x00007ffb40432000 	C:\WINDOWS\system32\dwmapi.dll
0x00007ffb45d90000 - 0x00007ffb45ed1000 	C:\WINDOWS\system32\ole32.dll
0x00007ffb42760000 - 0x00007ffb427cb000 	C:\WINDOWS\SYSTEM32\bcryptPrimitives.dll
0x00007ffb2cdc0000 - 0x00007ffb2cfd0000 	C:\WINDOWS\system32\d3d9.dll
0x00007ffb142a0000 - 0x00007ffb151df000 	C:\WINDOWS\SYSTEM32\nvd3dumx.dll
0x0000000180000000 - 0x00000001801a7000 	C:\WINDOWS\system32\nvspcap64.dll
0x00007ffb44fa0000 - 0x00007ffb45165000 	C:\WINDOWS\system32\SETUPAPI.dll
0x00007ffb3fa50000 - 0x00007ffb3fb26000 	C:\WINDOWS\SYSTEM32\WINHTTP.dll
0x00007ffb3c8e0000 - 0x00007ffb3cc3b000 	C:\WINDOWS\system32\nvapi64.dll
0x00007ffb42560000 - 0x00007ffb4258c000 	C:\WINDOWS\SYSTEM32\SspiCli.dll
0x00007ffb3f210000 - 0x00007ffb3f370000 	C:\Program Files (x86)\NVIDIA Corporation\3D Vision\nvSCPAPI64.dll
0x0000000073470000 - 0x00000000734b7000 	C:\Program Files\Java\jre1.8.0_60\bin\fontmanager.dll
0x0000000073790000 - 0x00000000737aa000 	C:\Program Files\Java\jre1.8.0_60\bin\net.dll
0x00007ffb42180000 - 0x00007ffb421dd000 	C:\WINDOWS\system32\mswsock.dll
0x0000000073770000 - 0x0000000073781000 	C:\Program Files\Java\jre1.8.0_60\bin\nio.dll
0x0000000073420000 - 0x0000000073462000 	C:\Program Files\Java\jre1.8.0_60\bin\t2k.dll
0x00007ffb45510000 - 0x00007ffb455b5000 	C:\WINDOWS\system32\clbcatq.dll
0x00007ffb3bd90000 - 0x00007ffb3bf42000 	C:\WINDOWS\SYSTEM32\WindowsCodecs.dll
0x00007ffb42450000 - 0x00007ffb42478000 	C:\WINDOWS\SYSTEM32\bcrypt.dll
0x00007ffb421e0000 - 0x00007ffb421f7000 	C:\WINDOWS\SYSTEM32\cryptsp.dll
0x00007ffb41e30000 - 0x00007ffb41e63000 	C:\WINDOWS\system32\rsaenh.dll
0x00007ffb42330000 - 0x00007ffb4233b000 	C:\WINDOWS\SYSTEM32\CRYPTBASE.dll
0x00007ffb2f9f0000 - 0x00007ffb2fa36000 	C:\WINDOWS\system32\dataexchange.dll
0x00007ffb3aa50000 - 0x00007ffb3af95000 	C:\WINDOWS\system32\d2d1.dll
0x00007ffb3ff70000 - 0x00007ffb40213000 	C:\WINDOWS\system32\d3d11.dll
0x00007ffb40b90000 - 0x00007ffb40c61000 	C:\WINDOWS\system32\dcomp.dll
0x00007ffb3fde0000 - 0x00007ffb3fe7c000 	C:\WINDOWS\system32\dxgi.dll
0x00007ffb412d0000 - 0x00007ffb413be000 	C:\WINDOWS\system32\twinapi.appcore.dll
0x00007ffb41f20000 - 0x00007ffb41f3f000 	C:\WINDOWS\system32\USERENV.dll
0x00007ffb3fb40000 - 0x00007ffb3fb78000 	C:\WINDOWS\SYSTEM32\IPHLPAPI.DLL
0x00007ffb3fa20000 - 0x00007ffb3fa2b000 	C:\WINDOWS\SYSTEM32\WINNSI.DLL
0x00007ffb3b9d0000 - 0x00007ffb3b9e6000 	C:\WINDOWS\SYSTEM32\dhcpcsvc6.DLL
0x00007ffb3b9b0000 - 0x00007ffb3b9ca000 	C:\WINDOWS\SYSTEM32\dhcpcsvc.DLL
0x0000000032b60000 - 0x0000000032b97000 	C:\Users\matthew\AppData\Local\Temp\jna5383633851072625845.dll
0x00007ffb25120000 - 0x00007ffb254ff000 	C:\WINDOWS\SYSTEM32\edk.dll
0x00007ffb431a0000 - 0x00007ffb43361000 	C:\WINDOWS\system32\CRYPT32.dll
0x00007ffb42960000 - 0x00007ffb42971000 	C:\WINDOWS\system32\MSASN1.dll
0x0000000074660000 - 0x00000000746f8000 	C:\WINDOWS\SYSTEM32\MSVCP100.dll
0x00007ffb41960000 - 0x00007ffb4196c000 	C:\WINDOWS\SYSTEM32\HID.DLL
0x00007ffb2e410000 - 0x00007ffb2e5a1000 	C:\Program Files\Intel\iCLS Client\LIBEAY32.dll
0x00007ffb310b0000 - 0x00007ffb31111000 	C:\Program Files\Intel\iCLS Client\SSLEAY32.dll
0x00007ffb43370000 - 0x00007ffb433c4000 	C:\WINDOWS\system32\WINTRUST.dll
0x00007ffb239d0000 - 0x00007ffb23b5a000 	C:\WINDOWS\SYSTEM32\dbghelp.dll

VM Arguments:
jvm_args: -Dfile.encoding=Cp1252 
java_command: Main
java_class_path (initial): C:\Users\matthew\Projects\neurological-pattern-research\PatternResearch\bin;C:\Users\matthew\Projects\neurological-pattern-research\lib\jna.jar;C:\Users\matthew\Projects\neurological-pattern-research\lib\neuroph-core-2.9.jar
Launcher Type: SUN_STANDARD

Environment Variables:
PATH=C:/Program Files/Java/jre1.8.0_60/bin/server;C:/Program Files/Java/jre1.8.0_60/bin;C:/Program Files/Java/jre1.8.0_60/lib/amd64;C:\ProgramData\Oracle\Java\javapath;C:\Program Files\Broadcom\Broadcom 802.11 Network Adapter;C:\Program Files (x86)\Intel\iCLS Client\;C:\Program Files\Intel\iCLS Client\;C:\WINDOWS\system32;C:\WINDOWS;C:\WINDOWS\System32\Wbem;C:\WINDOWS\System32\WindowsPowerShell\v1.0\;C:\Program Files\Intel\Intel(R) Management Engine Components\DAL;C:\Program Files (x86)\Intel\Intel(R) Management Engine Components\DAL;C:\Program Files\Intel\Intel(R) Management Engine Components\IPT;C:\Program Files (x86)\Intel\Intel(R) Management Engine Components\IPT;C:\Program Files\WIDCOMM\Bluetooth Software\;C:\Program Files\WIDCOMM\Bluetooth Software\syswow64;C:\Program Files (x86)\NVIDIA Corporation\PhysX\Common;C:\WINDOWS\system32;C:\WINDOWS;C:\WINDOWS\System32\Wbem;C:\WINDOWS\System32\WindowsPowerShell\v1.0\;C:\Program Files (x86)\Skype\Phone\;C:\WINDOWS\system32\config\systemprofile\.dnx\bin;C:\Program Files\Microsoft DNX\Dnvm\;C:\Program Files\Microsoft SQL Server\120\Tools\Binn\;C:\Program Files (x86)\Windows Kits\10\Windows Performance Toolkit\;C:\Program Files (x86)\nodejs\;C:\Users\matthew\AppData\Roaming\npm;C:\Users\matthew\Desktop;
USERNAME=matthew
OS=Windows_NT
PROCESSOR_IDENTIFIER=Intel64 Family 6 Model 63 Stepping 2, GenuineIntel



---------------  S Y S T E M  ---------------

OS: Windows 10.0 , 64 bit Build 10240 (10.0.10240.16384)

CPU:total 16 (8 cores per cpu, 2 threads per core) family 6 model 63 stepping 2, cmov, cx8, fxsr, mmx, sse, sse2, sse3, ssse3, sse4.1, sse4.2, popcnt, avx, avx2, aes, clmul, erms, lzcnt, ht, tsc, tscinvbit, bmi1, bmi2

Memory: 4k page, physical 33450920k(28374904k free), swap 38431656k(30730368k free)

vm_info: Java HotSpot(TM) 64-Bit Server VM (25.60-b23) for windows-amd64 JRE (1.8.0_60-b27), built on Aug  4 2015 11:06:27 by "java_re" with MS VC++ 10.0 (VS2010)

time: Mon Sep 28 14:34:11 2015
elapsed time: 9 seconds (0d 0h 0m 9s)

