#
# A fatal error has been detected by the Java Runtime Environment:
#
#  EXCEPTION_ACCESS_VIOLATION (0xc0000005) at pc=0x00007ffb45f15aeb, pid=7120, tid=3572
#
# JRE version: Java(TM) SE Runtime Environment (8.0_60-b27) (build 1.8.0_60-b27)
# Java VM: Java HotSpot(TM) 64-Bit Server VM (25.60-b23 mixed mode windows-amd64 compressed oops)
# Problematic frame:
# C  [ntdll.dll+0x35aeb]
#
# Failed to write core dump. Minidumps are not enabled by default on client versions of Windows
#
# If you would like to submit a bug report, please visit:
#   http://bugreport.java.com/bugreport/crash.jsp
# The crash happened outside the Java Virtual Machine in native code.
# See problematic frame for where to report the bug.
#

---------------  T H R E A D  ---------------

Current thread (0x000000002a6ca000):  JavaThread "Timer-0" [_thread_in_native, id=3572, stack(0x00000000324f0000,0x00000000325f0000)]

siginfo: ExceptionCode=0xc0000005, writing address 0x0000000000000024

Registers:
RAX=0x0000000000000000, RBX=0x00000000276b1638, RCX=0x00000000276b1638, RDX=0xffffffffffffffff
RSP=0x00000000325ee2d0, RBP=0x00007ff6cafa8000, RSI=0x0000000000000000, RDI=0x0000000000000000
R8 =0x0000000000000000, R9 =0x0000000000000000, R10=0x0000000000000000, R11=0x0000000000000064
R12=0x0000000000000000, R13=0x0000000031d5d700, R14=0x0000000000000001, R15=0x0000000000000000
RIP=0x00007ffb45f15aeb, EFLAGS=0x0000000000010213

Top of Stack: (sp=0x00000000325ee2d0)
0x00000000325ee2d0:   ffffffffffffffff 00000000276b1638
0x00000000325ee2e0:   000000002a6ca000 00000000325eeae0
0x00000000325ee2f0:   0000000031d5d700 0000000000000000
0x00000000325ee300:   0000000000000000 00000000fffffffa
0x00000000325ee310:   00007ff6cafa8000 00000000736c8d17
0x00000000325ee320:   0000000000000022 0000000000000020
0x00000000325ee330:   000000000000001f 0000000000000002
0x00000000325ee340:   000000000000001f 00007ffb45f0aa68
0x00000000325ee350:   00002f0389e4b9b7 0000000000000000
0x00000000325ee360:   0000000000000003 0000000000000001
0x00000000325ee370:   0000000031d5d700 0000000000000000
0x00000000325ee380:   0000000000000000 0000000000000000
0x00000000325ee390:   0000000000000001 00007ffb45f14fe9
0x00000000325ee3a0:   0000000002610000 000000003075abd0
0x00000000325ee3b0:   00000000276b1638 00007ffb45f0a939
0x00000000325ee3c0:   000000002a6ca000 00000000325eeae0 

Instructions: (pc=0x00007ffb45f15aeb)
0x00007ffb45f15acb:   48 39 7b 18 0f 84 c0 00 00 00 48 83 3b ff 0f 84
0x00007ffb45f15adb:   c3 00 00 00 48 8b 03 44 8b e7 48 83 f8 ff 74 03
0x00007ffb45f15aeb:   ff 40 24 4c 8b 6b 18 4c 8d 35 b7 c5 10 00 33 ed
0x00007ffb45f15afb:   b8 82 03 fe 7f 8a 08 84 c9 0f 85 ae 15 07 00 49 


Register to memory mapping:

RAX=0x0000000000000000 is an unknown value
RBX=0x00000000276b1638 is an unknown value
RCX=0x00000000276b1638 is an unknown value
RDX=0xffffffffffffffff is an unknown value
RSP=0x00000000325ee2d0 is pointing into the stack for thread: 0x000000002a6ca000
RBP=0x00007ff6cafa8000 is an unknown value
RSI=0x0000000000000000 is an unknown value
RDI=0x0000000000000000 is an unknown value
R8 =0x0000000000000000 is an unknown value
R9 =0x0000000000000000 is an unknown value
R10=0x0000000000000000 is an unknown value
R11=0x0000000000000064 is an unknown value
R12=0x0000000000000000 is an unknown value
R13={method} {0x0000000031d5d708} 'invokeInt' '(I[Ljava/lang/Object;)I' in 'com/sun/jna/Function'
R14=0x0000000000000001 is an unknown value
R15=0x0000000000000000 is an unknown value


Stack: [0x00000000324f0000,0x00000000325f0000],  sp=0x00000000325ee2d0,  free space=1016k
Native frames: (J=compiled Java code, j=interpreted, Vv=VM code, C=native code)
C  [ntdll.dll+0x35aeb]
C  [ntdll.dll+0x34fe9]
C  [ntdll.dll+0x34f00]
C  [edk.dll+0xdf5da]
C  [edk.dll+0x127bcc]
C  [edk.dll+0x127257]
C  [edk.dll+0xf626f]
C  [jna3825471889427008095.dll+0x163b3]
C  [jna3825471889427008095.dll+0xedd3]
C  [jna3825471889427008095.dll+0x20e5]
C  [jna3825471889427008095.dll+0x2457]
C  0x0000000002635e34

Java frames: (J=compiled Java code, j=interpreted, Vv=VM code)
j  com.sun.jna.Function.invokeInt(I[Ljava/lang/Object;)I+0
j  com.sun.jna.Function.invoke([Ljava/lang/Object;Ljava/lang/Class;Z)Ljava/lang/Object;+315
j  com.sun.jna.Function.invoke(Ljava/lang/Class;[Ljava/lang/Object;Ljava/util/Map;)Ljava/lang/Object;+214
j  com.sun.jna.Library$Handler.invoke(Ljava/lang/Object;Ljava/lang/reflect/Method;[Ljava/lang/Object;)Ljava/lang/Object;+341
j  com.sun.proxy.$Proxy0.EE_DataAcquisitionEnable(ILjava/lang/Boolean;)I+23
j  Main$1.run()V+185
j  java.util.TimerThread.mainLoop()V+221
j  java.util.TimerThread.run()V+1
v  ~StubRoutines::call_stub

---------------  P R O C E S S  ---------------

Java Threads: ( => current thread )
  0x000000002a6c9000 JavaThread "Timer-1" [_thread_blocked, id=800, stack(0x00000000321f0000,0x00000000322f0000)]
=>0x000000002a6ca000 JavaThread "Timer-0" [_thread_in_native, id=3572, stack(0x00000000324f0000,0x00000000325f0000)]
  0x000000002a8be000 JavaThread "TimerQueue" daemon [_thread_blocked, id=5980, stack(0x0000000031bf0000,0x0000000031cf0000)]
  0x000000002a41c800 JavaThread "D3D Screen Updater" daemon [_thread_blocked, id=13012, stack(0x0000000030410000,0x0000000030510000)]
  0x0000000002442800 JavaThread "DestroyJavaVM" [_thread_blocked, id=11864, stack(0x0000000002290000,0x0000000002390000)]
  0x000000002a30b800 JavaThread "AWT-EventQueue-0" [_thread_in_Java, id=3992, stack(0x000000002fdd0000,0x000000002fed0000)]
  0x000000002a321800 JavaThread "AWT-Windows" daemon [_thread_in_native, id=10960, stack(0x000000002ab70000,0x000000002ac70000)]
  0x000000002a320800 JavaThread "AWT-Shutdown" [_thread_blocked, id=5188, stack(0x000000002aa70000,0x000000002ab70000)]
  0x000000002a320000 JavaThread "Java2D Disposer" daemon [_thread_blocked, id=6552, stack(0x000000002a970000,0x000000002aa70000)]
  0x0000000027641800 JavaThread "Service Thread" daemon [_thread_blocked, id=520, stack(0x0000000029e90000,0x0000000029f90000)]
  0x0000000027585800 JavaThread "C1 CompilerThread11" daemon [_thread_blocked, id=7728, stack(0x0000000029d90000,0x0000000029e90000)]
  0x000000002757c000 JavaThread "C1 CompilerThread10" daemon [_thread_blocked, id=12896, stack(0x0000000029c90000,0x0000000029d90000)]
  0x0000000027579000 JavaThread "C1 CompilerThread9" daemon [_thread_blocked, id=11040, stack(0x0000000029a90000,0x0000000029b90000)]
  0x0000000027578800 JavaThread "C1 CompilerThread8" daemon [_thread_blocked, id=1908, stack(0x0000000029990000,0x0000000029a90000)]
  0x0000000027575800 JavaThread "C2 CompilerThread7" daemon [_thread_in_native, id=12932, stack(0x0000000029890000,0x0000000029990000)]
  0x000000002756c800 JavaThread "C2 CompilerThread6" daemon [_thread_blocked, id=11776, stack(0x0000000029790000,0x0000000029890000)]
  0x000000002756b800 JavaThread "C2 CompilerThread5" daemon [_thread_blocked, id=9464, stack(0x0000000029690000,0x0000000029790000)]
  0x0000000027561800 JavaThread "C2 CompilerThread4" daemon [_thread_blocked, id=3264, stack(0x0000000029590000,0x0000000029690000)]
  0x0000000027561000 JavaThread "C2 CompilerThread3" daemon [_thread_in_native, id=11312, stack(0x0000000029490000,0x0000000029590000)]
  0x000000002755e000 JavaThread "C2 CompilerThread2" daemon [_thread_blocked, id=5332, stack(0x0000000029390000,0x0000000029490000)]
  0x000000002755a000 JavaThread "C2 CompilerThread1" daemon [_thread_blocked, id=5512, stack(0x0000000029290000,0x0000000029390000)]
  0x0000000027558000 JavaThread "C2 CompilerThread0" daemon [_thread_blocked, id=11212, stack(0x0000000029190000,0x0000000029290000)]
  0x0000000027557000 JavaThread "Attach Listener" daemon [_thread_blocked, id=11504, stack(0x0000000029090000,0x0000000029190000)]
  0x0000000027552800 JavaThread "Signal Dispatcher" daemon [_thread_blocked, id=10064, stack(0x0000000028f90000,0x0000000029090000)]
  0x0000000025ac1800 JavaThread "Finalizer" daemon [_thread_blocked, id=4580, stack(0x0000000028db0000,0x0000000028eb0000)]
  0x0000000025ab5800 JavaThread "Reference Handler" daemon [_thread_blocked, id=3088, stack(0x0000000028cb0000,0x0000000028db0000)]

Other Threads:
  0x000000000253e800 VMThread [stack: 0x0000000028bb0000,0x0000000028cb0000] [id=6488]
  0x00000000276ce800 WatcherThread [stack: 0x0000000029f90000,0x000000002a090000] [id=2680]

VM state:not at safepoint (normal execution)

VM Mutex/Monitor currently owned by a thread: None

Heap:
 PSYoungGen      total 153088K, used 47371K [0x0000000715d80000, 0x0000000720800000, 0x00000007c0000000)
  eden space 131584K, 36% used [0x0000000715d80000,0x0000000718bc2e48,0x000000071de00000)
  from space 21504K, 0% used [0x000000071f300000,0x000000071f300000,0x0000000720800000)
  to   space 21504K, 0% used [0x000000071de00000,0x000000071de00000,0x000000071f300000)
 ParOldGen       total 349696K, used 0K [0x00000005c1800000, 0x00000005d6d80000, 0x0000000715d80000)
  object space 349696K, 0% used [0x00000005c1800000,0x00000005c1800000,0x00000005d6d80000)
 Metaspace       used 12254K, capacity 12494K, committed 12672K, reserved 1060864K
  class space    used 1564K, capacity 1643K, committed 1664K, reserved 1048576K

Card table byte_map: [0x00000000119e0000,0x00000000129e0000] byte_map_base: 0x000000000ebd4000

Marking Bits: (ParMarkBitMap*) 0x000000007401a5b0
 Begin Bits: [0x0000000014190000, 0x000000001c130000)
 End Bits:   [0x000000001c130000, 0x00000000240d0000)

Polling page: 0x0000000000ae0000

CodeCache: size=245760Kb used=5882Kb max_used=5882Kb free=239877Kb
 bounds [0x0000000002620000, 0x0000000002bf0000, 0x0000000011620000]
 total_blobs=1835 nmethods=1317 adapters=428
 compilation: enabled

Compilation events (10 events):
Event: 7.057 Thread 0x0000000027585800 1301       3       java.io.BufferedWriter::newLine (9 bytes)
Event: 7.057 Thread 0x0000000027578800 nmethod 1289 0x0000000002bd7850 code [0x0000000002bd7b20, 0x0000000002bd9118]
Event: 7.057 Thread 0x0000000027585800 nmethod 1301 0x0000000002bd99d0 code [0x0000000002bd9b40, 0x0000000002bd9ea8]
Event: 7.058 Thread 0x000000002757c000 nmethod 1298 0x0000000002bda010 code [0x0000000002bda240, 0x0000000002bdae08]
Event: 7.059 Thread 0x0000000027579000 1303       3       java.lang.reflect.Modifier::isPublic (12 bytes)
Event: 7.059 Thread 0x0000000027579000 nmethod 1303 0x0000000002bdb590 code [0x0000000002bdb6e0, 0x0000000002bdb870]
Event: 7.060 Thread 0x0000000027561000 1306   !   4       sun.awt.AppContext::get (123 bytes)
Event: 7.060 Thread 0x0000000027578800 1305       3       java.lang.Class::getInterfaces (41 bytes)
Event: 7.060 Thread 0x0000000027585800 1307       3       java.awt.Container::countComponents (10 bytes)
Event: 7.060 Thread 0x000000002757c000 1304       1       java.awt.Component::getGraphicsConfiguration_NoClientCode (5 bytes)

GC Heap History (0 events):
No events

Deoptimization events (10 events):
Event: 5.891 Thread 0x000000002a30b800 Uncommon trap: reason=class_check action=maybe_recompile pc=0x0000000002b0b7a0 method=java.util.HashSet.add(Ljava/lang/Object;)Z @ 8
Event: 5.891 Thread 0x000000002a30b800 Uncommon trap: reason=class_check action=maybe_recompile pc=0x0000000002b0b7a0 method=java.util.HashSet.add(Ljava/lang/Object;)Z @ 8
Event: 5.891 Thread 0x000000002a30b800 Uncommon trap: reason=class_check action=maybe_recompile pc=0x0000000002a51a68 method=java.util.HashMap.putVal(ILjava/lang/Object;Ljava/lang/Object;ZZ)Ljava/lang/Object; @ 253
Event: 5.891 Thread 0x000000002a30b800 Uncommon trap: reason=class_check action=maybe_recompile pc=0x0000000002a51a68 method=java.util.HashMap.putVal(ILjava/lang/Object;Ljava/lang/Object;ZZ)Ljava/lang/Object; @ 253
Event: 5.891 Thread 0x000000002a30b800 Uncommon trap: reason=class_check action=maybe_recompile pc=0x0000000002a51a68 method=java.util.HashMap.putVal(ILjava/lang/Object;Ljava/lang/Object;ZZ)Ljava/lang/Object; @ 253
Event: 5.891 Thread 0x000000002a30b800 Uncommon trap: reason=class_check action=maybe_recompile pc=0x0000000002a51a68 method=java.util.HashMap.putVal(ILjava/lang/Object;Ljava/lang/Object;ZZ)Ljava/lang/Object; @ 253
Event: 5.891 Thread 0x000000002a30b800 Uncommon trap: reason=class_check action=maybe_recompile pc=0x0000000002a4fa6c method=java.util.HashMap.putVal(ILjava/lang/Object;Ljava/lang/Object;ZZ)Ljava/lang/Object; @ 253
Event: 7.024 Thread 0x000000002a30b800 Uncommon trap: reason=unstable_if action=reinterpret pc=0x0000000002b4c0f0 method=java.util.HashMap.getNode(ILjava/lang/Object;)Ljava/util/HashMap$Node; @ 62
Event: 7.024 Thread 0x000000002a30b800 Uncommon trap: reason=unstable_if action=reinterpret pc=0x0000000002b5f898 method=java.util.HashMap.putVal(ILjava/lang/Object;Ljava/lang/Object;ZZ)Ljava/lang/Object; @ 94
Event: 7.024 Thread 0x000000002a30b800 Uncommon trap: reason=unstable_if action=reinterpret pc=0x0000000002a8c794 method=java.util.HashMap.getNode(ILjava/lang/Object;)Ljava/util/HashMap$Node; @ 62

Internal exceptions (10 events):
Event: 0.286 Thread 0x0000000002442800 Exception <a 'java/lang/NullPointerException'> (0x0000000716db1610) thrown at [C:\re\workspace\8-2-build-windows-amd64-cygwin\jdk8u60\4407\hotspot\src\share\vm\interpreter\linkResolver.cpp, line 1178]
Event: 0.294 Thread 0x0000000002442800 Exception <a 'java/io/FileNotFoundException'> (0x0000000716db5a08) thrown at [C:\re\workspace\8-2-build-windows-amd64-cygwin\jdk8u60\4407\hotspot\src\share\vm\prims\jni.cpp, line 709]
Event: 0.294 Thread 0x0000000002442800 Exception <a 'java/io/FileNotFoundException'> (0x0000000716db6d08) thrown at [C:\re\workspace\8-2-build-windows-amd64-cygwin\jdk8u60\4407\hotspot\src\share\vm\prims\jni.cpp, line 709]
Event: 0.294 Thread 0x0000000002442800 Exception <a 'java/io/FileNotFoundException'> (0x0000000716db8010) thrown at [C:\re\workspace\8-2-build-windows-amd64-cygwin\jdk8u60\4407\hotspot\src\share\vm\prims\jni.cpp, line 709]
Event: 0.294 Thread 0x0000000002442800 Exception <a 'java/io/FileNotFoundException'> (0x0000000716db9310) thrown at [C:\re\workspace\8-2-build-windows-amd64-cygwin\jdk8u60\4407\hotspot\src\share\vm\prims\jni.cpp, line 709]
Event: 0.295 Thread 0x0000000002442800 Exception <a 'java/io/FileNotFoundException'> (0x0000000716dbb748) thrown at [C:\re\workspace\8-2-build-windows-amd64-cygwin\jdk8u60\4407\hotspot\src\share\vm\prims\jni.cpp, line 709]
Event: 0.295 Thread 0x0000000002442800 Exception <a 'java/io/FileNotFoundException'> (0x0000000716dbca58) thrown at [C:\re\workspace\8-2-build-windows-amd64-cygwin\jdk8u60\4407\hotspot\src\share\vm\prims\jni.cpp, line 709]
Event: 0.295 Thread 0x0000000002442800 Exception <a 'java/io/FileNotFoundException'> (0x0000000716dbee18) thrown at [C:\re\workspace\8-2-build-windows-amd64-cygwin\jdk8u60\4407\hotspot\src\share\vm\prims\jni.cpp, line 709]
Event: 1.576 Thread 0x000000002a30b800 Implicit null exception at 0x0000000002a6be88 to 0x0000000002a6e80d
Event: 5.872 Thread 0x000000002a30b800 Implicit null exception at 0x0000000002a3be3c to 0x0000000002a3bec9

Events (10 events):
Event: 7.047 loading class java/util/Timer$1 done
Event: 7.047 Thread 0x000000002a6ca000 Thread added: 0x000000002a6ca000
Event: 7.047 Executing VM operation: RevokeBias
Event: 7.047 Executing VM operation: RevokeBias done
Event: 7.048 Executing VM operation: RevokeBias
Event: 7.048 Executing VM operation: RevokeBias done
Event: 7.048 Executing VM operation: RevokeBias
Event: 7.048 Executing VM operation: RevokeBias done
Event: 7.059 loading class Edk$EE_Event_t
Event: 7.059 loading class Edk$EE_Event_t done


Dynamic libraries:
0x00007ff6cb9d0000 - 0x00007ff6cba07000 	C:\Program Files\Java\jre1.8.0_60\bin\javaw.exe
0x00007ffb45ee0000 - 0x00007ffb460a1000 	C:\WINDOWS\SYSTEM32\ntdll.dll
0x00007ffb45be0000 - 0x00007ffb45c8d000 	C:\WINDOWS\system32\KERNEL32.DLL
0x00007ffb433d0000 - 0x00007ffb435ad000 	C:\WINDOWS\system32\KERNELBASE.dll
0x00007ffb45950000 - 0x00007ffb459f6000 	C:\WINDOWS\system32\ADVAPI32.dll
0x00007ffb44c00000 - 0x00007ffb44c9d000 	C:\WINDOWS\system32\msvcrt.dll
0x00007ffb45320000 - 0x00007ffb4537b000 	C:\WINDOWS\system32\sechost.dll
0x00007ffb45ab0000 - 0x00007ffb45bd6000 	C:\WINDOWS\system32\RPCRT4.dll
0x00007ffb45780000 - 0x00007ffb458ce000 	C:\WINDOWS\system32\USER32.dll
0x00007ffb45380000 - 0x00007ffb45506000 	C:\WINDOWS\system32\GDI32.dll
0x00007ffb3d3f0000 - 0x00007ffb3d664000 	C:\WINDOWS\WinSxS\amd64_microsoft.windows.common-controls_6595b64144ccf1df_6.0.10240.16384_none_f41f7b285750ef43\COMCTL32.dll
0x00007ffb45a70000 - 0x00007ffb45aa6000 	C:\WINDOWS\system32\IMM32.DLL
0x00007ffb45620000 - 0x00007ffb4577c000 	C:\WINDOWS\system32\MSCTF.dll
0x0000000073660000 - 0x0000000073732000 	C:\Program Files\Java\jre1.8.0_60\bin\msvcr100.dll
0x0000000073810000 - 0x0000000074099000 	C:\Program Files\Java\jre1.8.0_60\bin\server\jvm.dll
0x00007ffb458d0000 - 0x00007ffb458d8000 	C:\WINDOWS\system32\PSAPI.DLL
0x00007ffb40e50000 - 0x00007ffb40e73000 	C:\WINDOWS\SYSTEM32\WINMM.dll
0x00007ffb3f910000 - 0x00007ffb3f91a000 	C:\WINDOWS\SYSTEM32\VERSION.dll
0x00007ffb40470000 - 0x00007ffb40479000 	C:\WINDOWS\SYSTEM32\WSOCK32.dll
0x00007ffb40b60000 - 0x00007ffb40b8c000 	C:\WINDOWS\SYSTEM32\WINMMBASE.dll
0x00007ffb458e0000 - 0x00007ffb45949000 	C:\WINDOWS\system32\WS2_32.dll
0x00007ffb43090000 - 0x00007ffb430d4000 	C:\WINDOWS\system32\cfgmgr32.dll
0x00007ffb44ca0000 - 0x00007ffb44ca8000 	C:\WINDOWS\system32\NSI.dll
0x00007ffb41280000 - 0x00007ffb412a7000 	C:\WINDOWS\SYSTEM32\DEVOBJ.dll
0x0000000073800000 - 0x000000007380f000 	C:\Program Files\Java\jre1.8.0_60\bin\verify.dll
0x00000000737d0000 - 0x00000000737f9000 	C:\Program Files\Java\jre1.8.0_60\bin\java.dll
0x00000000737b0000 - 0x00000000737c6000 	C:\Program Files\Java\jre1.8.0_60\bin\zip.dll
0x00007ffb435b0000 - 0x00007ffb44ad2000 	C:\WINDOWS\system32\SHELL32.dll
0x00007ffb429b0000 - 0x00007ffb42fd9000 	C:\WINDOWS\system32\windows.storage.dll
0x00007ffb44cb0000 - 0x00007ffb44f2c000 	C:\WINDOWS\system32\combase.dll
0x00007ffb44ba0000 - 0x00007ffb44bf1000 	C:\WINDOWS\system32\shlwapi.dll
0x00007ffb42980000 - 0x00007ffb4298f000 	C:\WINDOWS\system32\kernel.appcore.dll
0x00007ffb430e0000 - 0x00007ffb43193000 	C:\WINDOWS\system32\shcore.dll
0x00007ffb42910000 - 0x00007ffb4295a000 	C:\WINDOWS\system32\powrprof.dll
0x00007ffb42990000 - 0x00007ffb429a3000 	C:\WINDOWS\system32\profapi.dll
0x00000000734c0000 - 0x0000000073658000 	C:\Program Files\Java\jre1.8.0_60\bin\awt.dll
0x00007ffb44ae0000 - 0x00007ffb44b9e000 	C:\WINDOWS\system32\OLEAUT32.dll
0x00007ffb41060000 - 0x00007ffb410d8000 	C:\WINDOWS\system32\apphelp.dll
0x00007ffb41170000 - 0x00007ffb41206000 	C:\WINDOWS\system32\uxtheme.dll
0x00007ffb40410000 - 0x00007ffb40432000 	C:\WINDOWS\system32\dwmapi.dll
0x00007ffb45d90000 - 0x00007ffb45ed1000 	C:\WINDOWS\system32\ole32.dll
0x00007ffb42760000 - 0x00007ffb427cb000 	C:\WINDOWS\SYSTEM32\bcryptPrimitives.dll
0x00007ffb2cdc0000 - 0x00007ffb2cfd0000 	C:\WINDOWS\system32\d3d9.dll
0x00007ffb142a0000 - 0x00007ffb151df000 	C:\WINDOWS\SYSTEM32\nvd3dumx.dll
0x0000000180000000 - 0x00000001801a7000 	C:\WINDOWS\system32\nvspcap64.dll
0x00007ffb44fa0000 - 0x00007ffb45165000 	C:\WINDOWS\system32\SETUPAPI.dll
0x00007ffb3fa50000 - 0x00007ffb3fb26000 	C:\WINDOWS\SYSTEM32\WINHTTP.dll
0x00007ffb3c8e0000 - 0x00007ffb3cc3b000 	C:\WINDOWS\system32\nvapi64.dll
0x00007ffb42560000 - 0x00007ffb4258c000 	C:\WINDOWS\SYSTEM32\SspiCli.dll
0x00007ffb3f210000 - 0x00007ffb3f370000 	C:\Program Files (x86)\NVIDIA Corporation\3D Vision\nvSCPAPI64.dll
0x0000000073470000 - 0x00000000734b7000 	C:\Program Files\Java\jre1.8.0_60\bin\fontmanager.dll
0x0000000073790000 - 0x00000000737aa000 	C:\Program Files\Java\jre1.8.0_60\bin\net.dll
0x00007ffb42180000 - 0x00007ffb421dd000 	C:\WINDOWS\system32\mswsock.dll
0x0000000073770000 - 0x0000000073781000 	C:\Program Files\Java\jre1.8.0_60\bin\nio.dll
0x0000000073420000 - 0x0000000073462000 	C:\Program Files\Java\jre1.8.0_60\bin\t2k.dll
0x00007ffb45510000 - 0x00007ffb455b5000 	C:\WINDOWS\system32\clbcatq.dll
0x00007ffb3bd90000 - 0x00007ffb3bf42000 	C:\WINDOWS\SYSTEM32\WindowsCodecs.dll
0x00007ffb42450000 - 0x00007ffb42478000 	C:\WINDOWS\SYSTEM32\bcrypt.dll
0x00007ffb421e0000 - 0x00007ffb421f7000 	C:\WINDOWS\SYSTEM32\cryptsp.dll
0x00007ffb41e30000 - 0x00007ffb41e63000 	C:\WINDOWS\system32\rsaenh.dll
0x00007ffb42330000 - 0x00007ffb4233b000 	C:\WINDOWS\SYSTEM32\CRYPTBASE.dll
0x00007ffb2f9f0000 - 0x00007ffb2fa36000 	C:\WINDOWS\system32\dataexchange.dll
0x00007ffb3aa50000 - 0x00007ffb3af95000 	C:\WINDOWS\system32\d2d1.dll
0x00007ffb3ff70000 - 0x00007ffb40213000 	C:\WINDOWS\system32\d3d11.dll
0x00007ffb40b90000 - 0x00007ffb40c61000 	C:\WINDOWS\system32\dcomp.dll
0x00007ffb3fde0000 - 0x00007ffb3fe7c000 	C:\WINDOWS\system32\dxgi.dll
0x00007ffb412d0000 - 0x00007ffb413be000 	C:\WINDOWS\system32\twinapi.appcore.dll
0x00007ffb41f20000 - 0x00007ffb41f3f000 	C:\WINDOWS\system32\USERENV.dll
0x00007ffb3fb40000 - 0x00007ffb3fb78000 	C:\WINDOWS\SYSTEM32\IPHLPAPI.DLL
0x00007ffb3fa20000 - 0x00007ffb3fa2b000 	C:\WINDOWS\SYSTEM32\WINNSI.DLL
0x00007ffb3b9d0000 - 0x00007ffb3b9e6000 	C:\WINDOWS\SYSTEM32\dhcpcsvc6.DLL
0x00007ffb3b9b0000 - 0x00007ffb3b9ca000 	C:\WINDOWS\SYSTEM32\dhcpcsvc.DLL
0x0000000031ef0000 - 0x0000000031f27000 	C:\Users\matthew\AppData\Local\Temp\jna3825471889427008095.dll
0x00007ffb23c20000 - 0x00007ffb23fff000 	C:\WINDOWS\SYSTEM32\edk.dll
0x00007ffb431a0000 - 0x00007ffb43361000 	C:\WINDOWS\system32\CRYPT32.dll
0x00007ffb42960000 - 0x00007ffb42971000 	C:\WINDOWS\system32\MSASN1.dll
0x0000000074660000 - 0x00000000746f8000 	C:\WINDOWS\SYSTEM32\MSVCP100.dll
0x00007ffb41960000 - 0x00007ffb4196c000 	C:\WINDOWS\SYSTEM32\HID.DLL
0x00007ffb2b660000 - 0x00007ffb2b6c1000 	C:\Program Files\Intel\iCLS Client\SSLEAY32.dll
0x00007ffb25160000 - 0x00007ffb252f1000 	C:\Program Files\Intel\iCLS Client\LIBEAY32.dll
0x00007ffb43370000 - 0x00007ffb433c4000 	C:\WINDOWS\system32\WINTRUST.dll
0x00007ffb239d0000 - 0x00007ffb23b5a000 	C:\WINDOWS\SYSTEM32\dbghelp.dll

VM Arguments:
jvm_args: -Dfile.encoding=Cp1252 
java_command: Main
java_class_path (initial): C:\Users\matthew\Projects\neurological-pattern-research\PatternResearch\bin;C:\Users\matthew\Projects\neurological-pattern-research\lib\jna.jar;C:\Users\matthew\Projects\neurological-pattern-research\lib\neuroph-core-2.9.jar
Launcher Type: SUN_STANDARD

Environment Variables:
PATH=C:/Program Files/Java/jre1.8.0_60/bin/server;C:/Program Files/Java/jre1.8.0_60/bin;C:/Program Files/Java/jre1.8.0_60/lib/amd64;C:\ProgramData\Oracle\Java\javapath;C:\Program Files\Broadcom\Broadcom 802.11 Network Adapter;C:\Program Files (x86)\Intel\iCLS Client\;C:\Program Files\Intel\iCLS Client\;C:\WINDOWS\system32;C:\WINDOWS;C:\WINDOWS\System32\Wbem;C:\WINDOWS\System32\WindowsPowerShell\v1.0\;C:\Program Files\Intel\Intel(R) Management Engine Components\DAL;C:\Program Files (x86)\Intel\Intel(R) Management Engine Components\DAL;C:\Program Files\Intel\Intel(R) Management Engine Components\IPT;C:\Program Files (x86)\Intel\Intel(R) Management Engine Components\IPT;C:\Program Files\WIDCOMM\Bluetooth Software\;C:\Program Files\WIDCOMM\Bluetooth Software\syswow64;C:\Program Files (x86)\NVIDIA Corporation\PhysX\Common;C:\WINDOWS\system32;C:\WINDOWS;C:\WINDOWS\System32\Wbem;C:\WINDOWS\System32\WindowsPowerShell\v1.0\;C:\Program Files (x86)\Skype\Phone\;C:\WINDOWS\system32\config\systemprofile\.dnx\bin;C:\Program Files\Microsoft DNX\Dnvm\;C:\Program Files\Microsoft SQL Server\120\Tools\Binn\;C:\Program Files (x86)\Windows Kits\10\Windows Performance Toolkit\;C:\Program Files (x86)\nodejs\;C:\Users\matthew\AppData\Roaming\npm;C:\Users\matthew\Desktop;
USERNAME=matthew
OS=Windows_NT
PROCESSOR_IDENTIFIER=Intel64 Family 6 Model 63 Stepping 2, GenuineIntel



---------------  S Y S T E M  ---------------

OS: Windows 10.0 , 64 bit Build 10240 (10.0.10240.16384)

CPU:total 16 (8 cores per cpu, 2 threads per core) family 6 model 63 stepping 2, cmov, cx8, fxsr, mmx, sse, sse2, sse3, ssse3, sse4.1, sse4.2, popcnt, avx, avx2, aes, clmul, erms, lzcnt, ht, tsc, tscinvbit, bmi1, bmi2

Memory: 4k page, physical 33450920k(28412996k free), swap 38431656k(31575040k free)

vm_info: Java HotSpot(TM) 64-Bit Server VM (25.60-b23) for windows-amd64 JRE (1.8.0_60-b27), built on Aug  4 2015 11:06:27 by "java_re" with MS VC++ 10.0 (VS2010)

time: Mon Sep 28 14:46:36 2015
elapsed time: 7 seconds (0d 0h 0m 7s)

